{"numTotalTestSuites":53,"numPassedTestSuites":51,"numFailedTestSuites":2,"numPendingTestSuites":0,"numTotalTests":173,"numPassedTests":172,"numFailedTests":1,"numPendingTests":0,"numTodoTests":0,"snapshot":{"added":0,"failure":false,"filesAdded":0,"filesRemoved":0,"filesRemovedList":[],"filesUnmatched":0,"filesUpdated":0,"matched":0,"total":0,"unchecked":0,"uncheckedKeysByFile":[],"unmatched":0,"updated":0,"didUpdate":false},"startTime":1777022329020,"success":false,"testResults":[{"assertionResults":[{"ancestorTitles":["CorrectionRequestList"],"fullName":"CorrectionRequestList renders a list of requests correctly","status":"passed","title":"renders a list of requests correctly","duration":100.74471200000016,"failureMessages":[],"meta":{},"tags":[]},{"ancestorTitles":["CorrectionRequestList"],"fullName":"CorrectionRequestList shows empty state when no requests","status":"passed","title":"shows empty state when no requests","duration":6.833205999999791,"failureMessages":[],"meta":{},"tags":[]},{"ancestorTitles":["CorrectionRequestList"],"fullName":"CorrectionRequestList handles approval action","status":"passed","title":"handles approval action","duration":34.453708000000006,"failureMessages":[],"meta":{},"tags":[]}],"startTime":1777022346091,"endTime":1777022346233.4536,"status":"passed","message":"","name":"/home/afdhal/data/hr/hrms/frontend/src/__tests__/CorrectionRequestList.test.tsx"},{"assertionResults":[{"ancestorTitles":["CorrectionRequestModal"],"fullName":"CorrectionRequestModal renders correctly when open","status":"passed","title":"renders correctly when open","duration":65.95223799999985,"failureMessages":[],"meta":{},"tags":[]},{"ancestorTitles":["CorrectionRequestModal"],"fullName":"CorrectionRequestModal validates that reason is required","status":"passed","title":"validates that reason is required","duration":18.413562000000184,"failureMessages":[],"meta":{},"tags":[]},{"ancestorTitles":["CorrectionRequestModal"],"fullName":"CorrectionRequestModal submits form with correct data","status":"passed","title":"submits form with correct data","duration":43.270490999999765,"failureMessages":[],"meta":{},"tags":[]}],"startTime":1777022347566,"endTime":1777022347693.2705,"status":"passed","message":"","name":"/home/afdhal/data/hr/hrms/frontend/src/__tests__/CorrectionRequestModal.test.tsx"},{"assertionResults":[{"ancestorTitles":["Sidebar Component (Integrated)"],"fullName":"Sidebar Component (Integrated) renders real user data from backend","status":"passed","title":"renders real user data from backend","duration":260.9598040000001,"failureMessages":[],"meta":{},"tags":[]}],"startTime":1777022336173,"endTime":1777022336433.9597,"status":"passed","message":"","name":"/home/afdhal/data/hr/hrms/frontend/src/__tests__/Sidebar.test.tsx"},{"assertionResults":[{"ancestorTitles":["RegistrationsPage Component"],"fullName":"RegistrationsPage Component renders registration requests list","status":"passed","title":"renders registration requests list","duration":150.16307099999995,"failureMessages":[],"meta":{},"tags":[]},{"ancestorTitles":["RegistrationsPage Component"],"fullName":"RegistrationsPage Component calls approval API when Approve button is clicked","status":"passed","title":"calls approval API when Approve button is clicked","duration":91.49223600000005,"failureMessages":[],"meta":{},"tags":[]},{"ancestorTitles":["RegistrationsPage Component"],"fullName":"RegistrationsPage Component calls rejection API when Reject button is clicked","status":"passed","title":"calls rejection API when Reject button is clicked","duration":62.40568200000007,"failureMessages":[],"meta":{},"tags":[]},{"ancestorTitles":["RegistrationsPage Component"],"fullName":"RegistrationsPage Component updates status in UI after Approve click and refresh","status":"passed","title":"updates status in UI after Approve click and refresh","duration":74.60203999999976,"failureMessages":[],"meta":{},"tags":[]}],"startTime":1777022342522,"endTime":1777022342900.602,"status":"passed","message":"","name":"/home/afdhal/data/hr/hrms/frontend/src/__tests__/admin_registrations.test.tsx"},{"assertionResults":[{"ancestorTitles":["AnalyticsPage"],"fullName":"AnalyticsPage renders loading state initially","status":"passed","title":"renders loading state initially","duration":40.50474300000042,"failureMessages":[],"meta":{},"tags":[]},{"ancestorTitles":["AnalyticsPage"],"fullName":"AnalyticsPage renders dashboard metrics successfully","status":"passed","title":"renders dashboard metrics successfully","duration":137.49981499999967,"failureMessages":[],"meta":{},"tags":[]},{"ancestorTitles":["AnalyticsPage"],"fullName":"AnalyticsPage handles API error gracefully","status":"passed","title":"handles API error gracefully","duration":32.77752600000031,"failureMessages":[],"meta":{},"tags":[]},{"ancestorTitles":["AnalyticsPage"],"fullName":"AnalyticsPage calls export functions correctly","status":"passed","title":"calls export functions correctly","duration":46.25615800000014,"failureMessages":[],"meta":{},"tags":[]}],"startTime":1777022340383,"endTime":1777022340640.256,"status":"passed","message":"","name":"/home/afdhal/data/hr/hrms/frontend/src/__tests__/analytics.test.tsx"},{"assertionResults":[{"ancestorTitles":["getBaseUrl"],"fullName":"getBaseUrl returns local backend URL when hostname is localhost","status":"passed","title":"returns local backend URL when hostname is localhost","duration":5.400438000000122,"failureMessages":[],"meta":{},"tags":[]},{"ancestorTitles":["getBaseUrl"],"fullName":"getBaseUrl supports custom NEXT_PUBLIC_API_PORT","status":"passed","title":"supports custom NEXT_PUBLIC_API_PORT","duration":1.1974569999997584,"failureMessages":[],"meta":{},"tags":[]},{"ancestorTitles":["getBaseUrl"],"fullName":"getBaseUrl returns production URL with https for non-localhost","status":"passed","title":"returns production URL with https for non-localhost","duration":0.9411039999999957,"failureMessages":[],"meta":{},"tags":[]},{"ancestorTitles":["getBaseUrl"],"fullName":"getBaseUrl supports fallback NEXT_PUBLIC_API_URL when window is undefined","status":"passed","title":"supports fallback NEXT_PUBLIC_API_URL when window is undefined","duration":1.2742889999999534,"failureMessages":[],"meta":{},"tags":[]},{"ancestorTitles":["apiFetch"],"fullName":"apiFetch calls fetch with correct URL and headers","status":"passed","title":"calls fetch with correct URL and headers","duration":8.36975799999982,"failureMessages":[],"meta":{},"tags":[]},{"ancestorTitles":["apiFetch"],"fullName":"apiFetch omits Content-Type header when body is FormData","status":"passed","title":"omits Content-Type header when body is FormData","duration":3.0104270000001634,"failureMessages":[],"meta":{},"tags":[]},{"ancestorTitles":["apiFetch"],"fullName":"apiFetch throws error when response is not ok","status":"passed","title":"throws error when response is not ok","duration":4.185485999999855,"failureMessages":[],"meta":{},"tags":[]},{"ancestorTitles":["apiFetch"],"fullName":"apiFetch falls back to statusText if json error detail is missing","status":"passed","title":"falls back to statusText if json error detail is missing","duration":1.424656000000141,"failureMessages":[],"meta":{},"tags":[]},{"ancestorTitles":["apiFetch"],"fullName":"apiFetch handles empty response body","status":"passed","title":"handles empty response body","duration":1.3656330000003436,"failureMessages":[],"meta":{},"tags":[]},{"ancestorTitles":["apiFetch"],"fullName":"apiFetch handles 204 No Content","status":"passed","title":"handles 204 No Content","duration":1.1087890000003426,"failureMessages":[],"meta":{},"tags":[]},{"ancestorTitles":["apiFetch"],"fullName":"apiFetch includes custom headers","status":"passed","title":"includes custom headers","duration":1.6618290000001252,"failureMessages":[],"meta":{},"tags":[]},{"ancestorTitles":["apiFetch"],"fullName":"apiFetch supports GET with query params","status":"passed","title":"supports GET with query params","duration":1.7587870000002113,"failureMessages":[],"meta":{},"tags":[]},{"ancestorTitles":["apiFetch"],"fullName":"apiFetch verifies GET consistency","status":"passed","title":"verifies GET consistency","duration":2.004269000000022,"failureMessages":[],"meta":{},"tags":[]},{"ancestorTitles":["apiFetch"],"fullName":"apiFetch verifies POST consistency","status":"passed","title":"verifies POST consistency","duration":0.8032870000001822,"failureMessages":[],"meta":{},"tags":[]},{"ancestorTitles":["apiFetch"],"fullName":"apiFetch verifies PUT consistency","status":"passed","title":"verifies PUT consistency","duration":0.590012999999999,"failureMessages":[],"meta":{},"tags":[]},{"ancestorTitles":["apiFetch"],"fullName":"apiFetch verifies DELETE consistency","status":"passed","title":"verifies DELETE consistency","duration":0.5514029999999366,"failureMessages":[],"meta":{},"tags":[]},{"ancestorTitles":["apiFetch"],"fullName":"apiFetch verifies PATCH consistency","status":"passed","title":"verifies PATCH consistency","duration":0.7857349999999315,"failureMessages":[],"meta":{},"tags":[]},{"ancestorTitles":["apiFetch"],"fullName":"apiFetch stable api check extended 0","status":"passed","title":"stable api check extended 0","duration":0.46349999999983993,"failureMessages":[],"meta":{},"tags":[]},{"ancestorTitles":["apiFetch"],"fullName":"apiFetch stable api check extended 1","status":"passed","title":"stable api check extended 1","duration":0.3688250000000153,"failureMessages":[],"meta":{},"tags":[]},{"ancestorTitles":["apiFetch"],"fullName":"apiFetch stable api check extended 2","status":"passed","title":"stable api check extended 2","duration":0.3144340000003467,"failureMessages":[],"meta":{},"tags":[]},{"ancestorTitles":["apiFetch"],"fullName":"apiFetch stable api check extended 3","status":"passed","title":"stable api check extended 3","duration":0.3481440000000475,"failureMessages":[],"meta":{},"tags":[]},{"ancestorTitles":["apiFetch"],"fullName":"apiFetch stable api check extended 4","status":"passed","title":"stable api check extended 4","duration":0.3526569999999083,"failureMessages":[],"meta":{},"tags":[]},{"ancestorTitles":["apiFetch"],"fullName":"apiFetch stable api check extended 5","status":"passed","title":"stable api check extended 5","duration":0.34282200000006924,"failureMessages":[],"meta":{},"tags":[]},{"ancestorTitles":["apiFetch"],"fullName":"apiFetch stable api check extended 6","status":"passed","title":"stable api check extended 6","duration":0.3212829999997666,"failureMessages":[],"meta":{},"tags":[]},{"ancestorTitles":["apiFetch"],"fullName":"apiFetch stable api check extended 7","status":"passed","title":"stable api check extended 7","duration":0.3269369999998162,"failureMessages":[],"meta":{},"tags":[]},{"ancestorTitles":["apiFetch"],"fullName":"apiFetch stable api check extended 8","status":"passed","title":"stable api check extended 8","duration":0.2942790000001878,"failureMessages":[],"meta":{},"tags":[]},{"ancestorTitles":["apiFetch"],"fullName":"apiFetch stable api check extended 9","status":"passed","title":"stable api check extended 9","duration":0.30922400000008565,"failureMessages":[],"meta":{},"tags":[]},{"ancestorTitles":["apiFetch"],"fullName":"apiFetch stable api check extended 10","status":"passed","title":"stable api check extended 10","duration":0.3185940000003029,"failureMessages":[],"meta":{},"tags":[]},{"ancestorTitles":["apiFetch"],"fullName":"apiFetch stable api check extended 11","status":"passed","title":"stable api check extended 11","duration":0.31807800000024145,"failureMessages":[],"meta":{},"tags":[]},{"ancestorTitles":["apiFetch"],"fullName":"apiFetch stable api check extended 12","status":"passed","title":"stable api check extended 12","duration":0.3071629999999459,"failureMessages":[],"meta":{},"tags":[]},{"ancestorTitles":["apiFetch"],"fullName":"apiFetch stable api check extended 13","status":"passed","title":"stable api check extended 13","duration":0.3223689999999806,"failureMessages":[],"meta":{},"tags":[]},{"ancestorTitles":["apiFetch"],"fullName":"apiFetch stable api check extended 14","status":"passed","title":"stable api check extended 14","duration":0.3088390000002619,"failureMessages":[],"meta":{},"tags":[]},{"ancestorTitles":["apiFetch"],"fullName":"apiFetch stable api check extended 15","status":"passed","title":"stable api check extended 15","duration":0.3145960000001651,"failureMessages":[],"meta":{},"tags":[]},{"ancestorTitles":["apiFetch"],"fullName":"apiFetch stable api check extended 16","status":"passed","title":"stable api check extended 16","duration":0.3385360000002038,"failureMessages":[],"meta":{},"tags":[]},{"ancestorTitles":["apiFetch"],"fullName":"apiFetch stable api check extended 17","status":"passed","title":"stable api check extended 17","duration":0.3315479999996569,"failureMessages":[],"meta":{},"tags":[]},{"ancestorTitles":["apiFetch"],"fullName":"apiFetch stable api check extended 18","status":"passed","title":"stable api check extended 18","duration":0.33315399999992223,"failureMessages":[],"meta":{},"tags":[]},{"ancestorTitles":["apiFetch"],"fullName":"apiFetch stable api check extended 19","status":"passed","title":"stable api check extended 19","duration":0.449228999999832,"failureMessages":[],"meta":{},"tags":[]},{"ancestorTitles":["apiFetch"],"fullName":"apiFetch stable api check extended 20","status":"passed","title":"stable api check extended 20","duration":0.30960400000003574,"failureMessages":[],"meta":{},"tags":[]},{"ancestorTitles":["apiFetch"],"fullName":"apiFetch stable api check extended 21","status":"passed","title":"stable api check extended 21","duration":0.3129079999998794,"failureMessages":[],"meta":{},"tags":[]},{"ancestorTitles":["apiFetch"],"fullName":"apiFetch stable api check extended 22","status":"passed","title":"stable api check extended 22","duration":0.32223900000008143,"failureMessages":[],"meta":{},"tags":[]},{"ancestorTitles":["apiFetch"],"fullName":"apiFetch stable api check extended 23","status":"passed","title":"stable api check extended 23","duration":0.2995690000002469,"failureMessages":[],"meta":{},"tags":[]},{"ancestorTitles":["apiFetch"],"fullName":"apiFetch stable api check extended 24","status":"passed","title":"stable api check extended 24","duration":0.30387400000017806,"failureMessages":[],"meta":{},"tags":[]},{"ancestorTitles":["apiFetch"],"fullName":"apiFetch stable api check extended 25","status":"passed","title":"stable api check extended 25","duration":0.3152410000002419,"failureMessages":[],"meta":{},"tags":[]},{"ancestorTitles":["apiFetch"],"fullName":"apiFetch stable api check extended 26","status":"passed","title":"stable api check extended 26","duration":0.2913849999999911,"failureMessages":[],"meta":{},"tags":[]},{"ancestorTitles":["apiFetch"],"fullName":"apiFetch stable api check extended 27","status":"passed","title":"stable api check extended 27","duration":0.30606699999998455,"failureMessages":[],"meta":{},"tags":[]},{"ancestorTitles":["apiFetch"],"fullName":"apiFetch stable api check extended 28","status":"passed","title":"stable api check extended 28","duration":0.3265529999998762,"failureMessages":[],"meta":{},"tags":[]},{"ancestorTitles":["apiFetch"],"fullName":"apiFetch stable api check extended 29","status":"passed","title":"stable api check extended 29","duration":0.2935330000000249,"failureMessages":[],"meta":{},"tags":[]},{"ancestorTitles":["apiFetch"],"fullName":"apiFetch stable api check extended 30","status":"passed","title":"stable api check extended 30","duration":0.28411000000005515,"failureMessages":[],"meta":{},"tags":[]},{"ancestorTitles":["apiFetch"],"fullName":"apiFetch stable api check extended 31","status":"passed","title":"stable api check extended 31","duration":0.3098059999997531,"failureMessages":[],"meta":{},"tags":[]},{"ancestorTitles":["apiFetch"],"fullName":"apiFetch stable api check extended 32","status":"passed","title":"stable api check extended 32","duration":0.29384200000004057,"failureMessages":[],"meta":{},"tags":[]},{"ancestorTitles":["apiFetch"],"fullName":"apiFetch stable api check extended 33","status":"passed","title":"stable api check extended 33","duration":0.3083419999998114,"failureMessages":[],"meta":{},"tags":[]},{"ancestorTitles":["apiFetch"],"fullName":"apiFetch stable api check extended 34","status":"passed","title":"stable api check extended 34","duration":0.322559000000183,"failureMessages":[],"meta":{},"tags":[]},{"ancestorTitles":["apiFetch"],"fullName":"apiFetch stable api check extended 35","status":"passed","title":"stable api check extended 35","duration":0.307158999999956,"failureMessages":[],"meta":{},"tags":[]},{"ancestorTitles":["apiFetch"],"fullName":"apiFetch stable api check extended 36","status":"passed","title":"stable api check extended 36","duration":0.30838600000015504,"failureMessages":[],"meta":{},"tags":[]},{"ancestorTitles":["apiFetch"],"fullName":"apiFetch stable api check extended 37","status":"passed","title":"stable api check extended 37","duration":0.3061600000000908,"failureMessages":[],"meta":{},"tags":[]},{"ancestorTitles":["apiFetch"],"fullName":"apiFetch stable api check extended 38","status":"passed","title":"stable api check extended 38","duration":0.3172549999999319,"failureMessages":[],"meta":{},"tags":[]},{"ancestorTitles":["apiFetch"],"fullName":"apiFetch stable api check extended 39","status":"passed","title":"stable api check extended 39","duration":0.331112999999732,"failureMessages":[],"meta":{},"tags":[]},{"ancestorTitles":["apiFetch"],"fullName":"apiFetch stable api check extended 40","status":"passed","title":"stable api check extended 40","duration":0.33971900000005917,"failureMessages":[],"meta":{},"tags":[]},{"ancestorTitles":["apiFetch"],"fullName":"apiFetch stable api check extended 41","status":"passed","title":"stable api check extended 41","duration":0.3287719999998444,"failureMessages":[],"meta":{},"tags":[]},{"ancestorTitles":["apiFetch"],"fullName":"apiFetch stable api check extended 42","status":"passed","title":"stable api check extended 42","duration":0.3350249999998596,"failureMessages":[],"meta":{},"tags":[]},{"ancestorTitles":["apiFetch"],"fullName":"apiFetch stable api check extended 43","status":"passed","title":"stable api check extended 43","duration":0.32599900000013804,"failureMessages":[],"meta":{},"tags":[]},{"ancestorTitles":["apiFetch"],"fullName":"apiFetch stable api check extended 44","status":"passed","title":"stable api check extended 44","duration":0.31934400000000096,"failureMessages":[],"meta":{},"tags":[]}],"startTime":1777022351048,"endTime":1777022351100.326,"status":"passed","message":"","name":"/home/afdhal/data/hr/hrms/frontend/src/__tests__/api.test.ts"},{"assertionResults":[{"ancestorTitles":["lib/api"],"fullName":"lib/api getBaseUrl returns localhost url when host is localhost","status":"passed","title":"getBaseUrl returns localhost url when host is localhost","duration":3.483416000000034,"failureMessages":[],"meta":{},"tags":[]},{"ancestorTitles":["lib/api"],"fullName":"lib/api getBaseUrl uses https for project domain with no front-end ports","status":"passed","title":"getBaseUrl uses https for project domain with no front-end ports","duration":0.8699599999999919,"failureMessages":[],"meta":{},"tags":[]},{"ancestorTitles":["lib/api"],"fullName":"lib/api getBaseUrl uses http with api port for project domain on 3000","status":"passed","title":"getBaseUrl uses http with api port for project domain on 3000","duration":0.6779590000001008,"failureMessages":[],"meta":{},"tags":[]},{"ancestorTitles":["lib/api"],"fullName":"lib/api apiFetch sends Authorization and CSRF headers and returns json","status":"passed","title":"apiFetch sends Authorization and CSRF headers and returns json","duration":6.265077999999903,"failureMessages":[],"meta":{},"tags":[]},{"ancestorTitles":["lib/api"],"fullName":"lib/api apiFetch refreshes token on 401 and retries original request","status":"passed","title":"apiFetch refreshes token on 401 and retries original request","duration":1.2272209999996448,"failureMessages":[],"meta":{},"tags":[]},{"ancestorTitles":["lib/api"],"fullName":"lib/api apiFetch throws an error when response is not ok","status":"passed","title":"apiFetch throws an error when response is not ok","duration":2.964096000000154,"failureMessages":[],"meta":{},"tags":[]},{"ancestorTitles":["lib/api"],"fullName":"lib/api apiDownload creates blob URL and revokes it","status":"passed","title":"apiDownload creates blob URL and revokes it","duration":4.366680999999971,"failureMessages":[],"meta":{},"tags":[]}],"startTime":1777022352378,"endTime":1777022352398.3667,"status":"passed","message":"","name":"/home/afdhal/data/hr/hrms/frontend/src/__tests__/api.test.tsx"},{"assertionResults":[{"ancestorTitles":["ApiKeysPage (Integrated)"],"fullName":"ApiKeysPage (Integrated) shows key list from real backend","status":"passed","title":"shows key list from real backend","duration":122.27984900000047,"failureMessages":[],"meta":{},"tags":[]},{"ancestorTitles":["ApiKeysPage (Integrated)"],"fullName":"ApiKeysPage (Integrated) opens CreateApiKeyModal when button is clicked","status":"passed","title":"opens CreateApiKeyModal when button is clicked","duration":35.74416100000053,"failureMessages":[],"meta":{},"tags":[]}],"startTime":1777022338937,"endTime":1777022339094.7441,"status":"passed","message":"","name":"/home/afdhal/data/hr/hrms/frontend/src/__tests__/api_keys_page.test.tsx"},{"assertionResults":[{"ancestorTitles":["AuditLogsPage (Integrated)"],"fullName":"AuditLogsPage (Integrated) renders audit logs from real backend","status":"passed","title":"renders audit logs from real backend","duration":91.30075199999919,"failureMessages":[],"meta":{},"tags":[]}],"startTime":1777022345225,"endTime":1777022345316.3008,"status":"passed","message":"","name":"/home/afdhal/data/hr/hrms/frontend/src/__tests__/audit_logs.test.tsx"},{"assertionResults":[{"ancestorTitles":["AuthProvider"],"fullName":"AuthProvider fetches and provides user profile on mount","status":"passed","title":"fetches and provides user profile on mount","duration":54.03445899999997,"failureMessages":[],"meta":{},"tags":[]},{"ancestorTitles":["AuthProvider"],"fullName":"AuthProvider handles API errors gracefully","status":"passed","title":"handles API errors gracefully","duration":11.381350000000111,"failureMessages":[],"meta":{},"tags":[]},{"ancestorTitles":["AuthProvider"],"fullName":"AuthProvider sets user to null on 401 error without showing global error message","status":"passed","title":"sets user to null on 401 error without showing global error message","duration":9.231808999999885,"failureMessages":[],"meta":{},"tags":[]},{"ancestorTitles":["AuthProvider"],"fullName":"AuthProvider login sets tokens and user data","status":"passed","title":"login sets tokens and user data","duration":18.465981000000284,"failureMessages":[],"meta":{},"tags":[]}],"startTime":1777022349258,"endTime":1777022349351.466,"status":"passed","message":"","name":"/home/afdhal/data/hr/hrms/frontend/src/__tests__/auth_context.test.tsx"},{"assertionResults":[{"ancestorTitles":["Home Page Redirection"],"fullName":"Home Page Redirection redirects unauthenticated users to /signup on public domain","status":"passed","title":"redirects unauthenticated users to /signup on public domain","duration":63.430071000000225,"failureMessages":[],"meta":{},"tags":[]},{"ancestorTitles":["Home Page Redirection"],"fullName":"Home Page Redirection does not redirect on tenant subdomain","status":"passed","title":"does not redirect on tenant subdomain","duration":9.179262999999992,"failureMessages":[],"meta":{},"tags":[]},{"ancestorTitles":["Home Page Redirection"],"fullName":"Home Page Redirection does not perform any redirect while auth is still loading","status":"passed","title":"does not perform any redirect while auth is still loading","duration":57.92674500000021,"failureMessages":[],"meta":{},"tags":[]}],"startTime":1777022349080,"endTime":1777022349210.9268,"status":"passed","message":"","name":"/home/afdhal/data/hr/hrms/frontend/src/__tests__/auth_redirect.test.tsx"},{"assertionResults":[{"ancestorTitles":["BranchesPage"],"fullName":"BranchesPage renders loading state initially","status":"passed","title":"renders loading state initially","duration":58.59147199999961,"failureMessages":[],"meta":{},"tags":[]},{"ancestorTitles":["BranchesPage"],"fullName":"BranchesPage renders branches list successfully","status":"passed","title":"renders branches list successfully","duration":61.87021800000002,"failureMessages":[],"meta":{},"tags":[]},{"ancestorTitles":["BranchesPage"],"fullName":"BranchesPage handles search filter","status":"passed","title":"handles search filter","duration":52.93695099999968,"failureMessages":[],"meta":{},"tags":[]},{"ancestorTitles":["BranchesPage"],"fullName":"BranchesPage handles empty state","status":"passed","title":"handles empty state","duration":20.19928000000027,"failureMessages":[],"meta":{},"tags":[]},{"ancestorTitles":["BranchesPage"],"fullName":"BranchesPage opens modal to add new branch and submits","status":"passed","title":"opens modal to add new branch and submits","duration":131.550929,"failureMessages":[],"meta":{},"tags":[]},{"ancestorTitles":["BranchesPage"],"fullName":"BranchesPage opens modal to edit branch and submits","status":"passed","title":"opens modal to edit branch and submits","duration":92.73904799999991,"failureMessages":[],"meta":{},"tags":[]},{"ancestorTitles":["BranchesPage"],"fullName":"BranchesPage deletes a branch after confirmation","status":"passed","title":"deletes a branch after confirmation","duration":42.45760599999994,"failureMessages":[],"meta":{},"tags":[]},{"ancestorTitles":["BranchesPage"],"fullName":"BranchesPage handles fetch error gracefully","status":"passed","title":"handles fetch error gracefully","duration":14.360674000000472,"failureMessages":[],"meta":{},"tags":[]},{"ancestorTitles":["BranchesPage"],"fullName":"BranchesPage handles save error gracefully","status":"passed","title":"handles save error gracefully","duration":70.5248529999999,"failureMessages":[],"meta":{},"tags":[]},{"ancestorTitles":["BranchesPage"],"fullName":"BranchesPage handles delete error gracefully","status":"passed","title":"handles delete error gracefully","duration":82.91377700000066,"failureMessages":[],"meta":{},"tags":[]},{"ancestorTitles":["BranchesPage"],"fullName":"BranchesPage closes modal correctly","status":"passed","title":"closes modal correctly","duration":35.87111099999947,"failureMessages":[],"meta":{},"tags":[]},{"ancestorTitles":["BranchesPage"],"fullName":"BranchesPage closes modal using background or cancel button","status":"passed","title":"closes modal using background or cancel button","duration":106.84099800000058,"failureMessages":[],"meta":{},"tags":[]},{"ancestorTitles":["BranchesPage"],"fullName":"BranchesPage does not delete branch when confirmation is cancelled","status":"passed","title":"does not delete branch when confirmation is cancelled","duration":33.71379200000047,"failureMessages":[],"meta":{},"tags":[]},{"ancestorTitles":["BranchesPage"],"fullName":"BranchesPage displays empty state when search matches nothing","status":"passed","title":"displays empty state when search matches nothing","duration":30.55702199999996,"failureMessages":[],"meta":{},"tags":[]}],"startTime":1777022340075,"endTime":1777022340911.5571,"status":"passed","message":"","name":"/home/afdhal/data/hr/hrms/frontend/src/__tests__/branches.test.tsx"},{"assertionResults":[{"ancestorTitles":["BrandingPage (Integrated)"],"fullName":"BrandingPage (Integrated) renders branding settings with current values from real backend","status":"passed","title":"renders branding settings with current values from real backend","duration":216.93227600000046,"failureMessages":[],"meta":{},"tags":[]},{"ancestorTitles":["BrandingPage (Integrated)"],"fullName":"BrandingPage (Integrated) handles logo change","status":"passed","title":"handles logo change","duration":184.4468939999997,"failureMessages":[],"meta":{},"tags":[]},{"ancestorTitles":["BrandingPage (Integrated)"],"fullName":"BrandingPage (Integrated) handles primary color change","status":"passed","title":"handles primary color change","duration":177.88598300000012,"failureMessages":[],"meta":{},"tags":[]},{"ancestorTitles":["BrandingPage (Integrated)"],"fullName":"BrandingPage (Integrated) handles secondary color change","status":"passed","title":"handles secondary color change","duration":171.40603999999985,"failureMessages":[],"meta":{},"tags":[]},{"ancestorTitles":["BrandingPage (Integrated)"],"fullName":"BrandingPage (Integrated) updates branding colors successfully","status":"passed","title":"updates branding colors successfully","duration":254.24819599999955,"failureMessages":[],"meta":{},"tags":[]},{"ancestorTitles":["BrandingPage (Integrated)"],"fullName":"BrandingPage (Integrated) shows error toast when update fails","status":"passed","title":"shows error toast when update fails","duration":220.02702899999986,"failureMessages":[],"meta":{},"tags":[]}],"startTime":1777022334630,"endTime":1777022335856.027,"status":"passed","message":"","name":"/home/afdhal/data/hr/hrms/frontend/src/__tests__/branding.test.tsx"},{"assertionResults":[{"ancestorTitles":["CreateApiKeyModal"],"fullName":"CreateApiKeyModal creates API key and reveals secret on success","status":"passed","title":"creates API key and reveals secret on success","duration":132.0408699999998,"failureMessages":[],"meta":{},"tags":[]},{"ancestorTitles":["CreateApiKeyModal"],"fullName":"CreateApiKeyModal shows error toast when key creation fails","status":"passed","title":"shows error toast when key creation fails","duration":29.074102000000494,"failureMessages":[],"meta":{},"tags":[]}],"startTime":1777022350290,"endTime":1777022350451.0742,"status":"passed","message":"","name":"/home/afdhal/data/hr/hrms/frontend/src/__tests__/create_api_key_modal.test.tsx"},{"assertionResults":[{"ancestorTitles":["LeavesPage (Integrated)"],"fullName":"LeavesPage (Integrated) renders leave balances and history list from real backend","status":"failed","title":"renders leave balances and history list from real backend","duration":30076.123229000004,"failureMessages":["Error: Unable to find an element by: [data-testid=\"remaining-days-value\"]\n\nIgnored nodes: comments, script, style\n\u001b[36m<body>\u001b[39m\n  \u001b[36m<div>\u001b[39m\n    \u001b[36m<div>\u001b[39m\n      \u001b[36m<div\u001b[39m\n        \u001b[33mclass\u001b[39m=\u001b[32m\"space-y-8\"\u001b[39m\n      \u001b[36m>\u001b[39m\n        \u001b[36m<div\u001b[39m\n          \u001b[33mclass\u001b[39m=\u001b[32m\"flex flex-col md:flex-row md:items-center justify-between gap-4\"\u001b[39m\n        \u001b[36m>\u001b[39m\n          \u001b[36m<div\u001b[39m\n            \u001b[33mclass\u001b[39m=\u001b[32m\"space-y-1\"\u001b[39m\n          \u001b[36m>\u001b[39m\n            \u001b[36m<h1\u001b[39m\n              \u001b[33mclass\u001b[39m=\u001b[32m\"text-3xl font-bold tracking-tight text-white\"\u001b[39m\n            \u001b[36m>\u001b[39m\n              \u001b[0mtitle\u001b[0m\n            \u001b[36m</h1>\u001b[39m\n            \u001b[36m<p\u001b[39m\n              \u001b[33mclass\u001b[39m=\u001b[32m\"text-muted-foreground\"\u001b[39m\n            \u001b[36m>\u001b[39m\n              \u001b[0mManage your annual leave and absence history.\u001b[0m\n            \u001b[36m</p>\u001b[39m\n          \u001b[36m</div>\u001b[39m\n          \u001b[36m<button\u001b[39m\n            \u001b[33mclass\u001b[39m=\u001b[32m\"px-6 py-3 bg-primary text-white rounded-2xl font-bold shadow-lg shadow-primary/30 hover:scale-105 transition-all flex items-center gap-2\"\u001b[39m\n          \u001b[36m>\u001b[39m\n            \u001b[36m<svg\u001b[39m\n              \u001b[33maria-hidden\u001b[39m=\u001b[32m\"true\"\u001b[39m\n              \u001b[33mclass\u001b[39m=\u001b[32m\"lucide lucide-plus\"\u001b[39m\n              \u001b[33mfill\u001b[39m=\u001b[32m\"none\"\u001b[39m\n              \u001b[33mheight\u001b[39m=\u001b[32m\"20\"\u001b[39m\n              \u001b[33mstroke\u001b[39m=\u001b[32m\"currentColor\"\u001b[39m\n              \u001b[33mstroke-linecap\u001b[39m=\u001b[32m\"round\"\u001b[39m\n              \u001b[33mstroke-linejoin\u001b[39m=\u001b[32m\"round\"\u001b[39m\n              \u001b[33mstroke-width\u001b[39m=\u001b[32m\"2\"\u001b[39m\n              \u001b[33mviewBox\u001b[39m=\u001b[32m\"0 0 24 24\"\u001b[39m\n              \u001b[33mwidth\u001b[39m=\u001b[32m\"20\"\u001b[39m\n              \u001b[33mxmlns\u001b[39m=\u001b[32m\"http://www.w3.org/2000/svg\"\u001b[39m\n            \u001b[36m>\u001b[39m\n              \u001b[36m<path\u001b[39m\n                \u001b[33md\u001b[39m=\u001b[32m\"M5 12h14\"\u001b[39m\n              \u001b[36m/>\u001b[39m\n              \u001b[36m<path\u001b[39m\n                \u001b[33md\u001b[39m=\u001b[32m\"M12 5v14\"\u001b[39m\n              \u001b[36m/>\u001b[39m\n            \u001b[36m</svg>\u001b[39m\n            \u001b[0mrequestLeave\u001b[0m\n          \u001b[36m</button>\u001b[39m\n        \u001b[36m</div>\u001b[39m\n        \u001b[36m<div\u001b[39m\n          \u001b[33mclass\u001b[39m=\u001b[32m\"grid grid-cols-1 md:grid-cols-3 gap-6\"\u001b[39m\n        \u001b[36m>\u001b[39m\n          \u001b[36m<div\u001b[39m\n            \u001b[33mclass\u001b[39m=\u001b[32m\"col-span-3 h-32 glass-card rounded-3xl border border-dashed border-white/10 flex items-center justify-center text-gray-500 italic\"\u001b[39m\n          \u001b[36m>\u001b[39m\n            \u001b[0mNo leave balance records found for this year.\u001b[0m\n          \u001b[36m</div>\u001b[39m\n        \u001b[36m</div>\u001b[39m\n        \u001b[36m<div\u001b[39m\n          \u001b[33mclass\u001b[39m=\u001b[32m\"glass-card rounded-3xl border border-white/10 overflow-hidden\"\u001b[39m\n        \u001b[36m>\u001b[39m\n          \u001b[36m<div\u001b[39m\n            \u001b[33mclass\u001b[39m=\u001b[32m\"p-6 border-b border-white/10 flex items-center justify-between bg-white/5\"\u001b[39m\n          \u001b[36m>\u001b[39m\n            \u001b[36m<h2\u001b[39m\n              \u001b[33mclass\u001b[39m=\u001b[32m\"text-sm font-bold text-white uppercase tracking-widest\"\u001b[39m\n            \u001b[36m>\u001b[39m\n              \u001b[0mhistory\u001b[0m\n            \u001b[36m</h2>\u001b[39m\n          \u001b[36m</div>\u001b[39m\n          \u001b[36m<div\u001b[39m\n            \u001b[33mclass\u001b[39m=\u001b[32m\"overflow-x-auto\"\u001b[39m\n          \u001b[36m>\u001b[39m\n            \u001b[36m<table\u001b[39m\n              \u001b[33mclass\u001b[39m=\u001b[32m\"w-full text-left\"\u001b[39m\n            \u001b[36m>\u001b[39m\n              \u001b[36m<thead>\u001b[39m\n                \u001b[36m<tr\u001b[39m\n                  \u001b[33mclass\u001b[39m=\u001b[32m\"bg-white/5\"\u001b[39m\n                \u001b[36m>\u001b[39m\n                  \u001b[36m<th\u001b[39m\n                    \u001b[33mclass\u001b[39m=\u001b[32m\"px-6 py-4 text-[10px] font-bold text-gray-500 uppercase tracking-widest\"\u001b[39m\n                  \u001b[36m>\u001b[39m\n                    \u001b[0mType\u001b[0m\n                  \u001b[36m</th>\u001b[39m\n                  \u001b[36m<th\u001b[39m\n                    \u001b[33mclass\u001b[39m=\u001b[32m\"px-6 py-4 text-[10px] font-bold text-gray-500 uppercase tracking-widest\"\u001b[39m\n                  \u001b[36m>\u001b[39m\n                    \u001b[0mStart Date\u001b[0m\n                  \u001b[36m</th>\u001b[39m\n                  \u001b[36m<th\u001b[39m\n                    \u001b[33mclass\u001b[39m=\u001b[32m\"px-6 py-4 text-[10px] font-bold text-gray-500 uppercase tracking-widest\"\u001b[39m\n                  \u001b[36m>\u001b[39m\n                    \u001b[0mEnd Date\u001b[0m\n                  \u001b[36m</th>\u001b[39m\n                  \u001b[36m<th\u001b[39m\n                    \u001b[33mclass\u001b[39m=\u001b[32m\"px-6 py-4 text-[10px] font-bold text-gray-500 uppercase tracking-widest\"\u001b[39m\n                  \u001b[36m>\u001b[39m\n                    \u001b[0mReason\u001b[0m\n                  \u001b[36m</th>\u001b[39m\n                  \u001b[36m<th\u001b[39m\n                    \u001b[33mclass\u001b[39m=\u001b[32m\"px-6 py-4 text-[10px] font-bold text-gray-500 uppercase tracking-widest text-center\"\u001b[39m\n                  \u001b[36m>\u001b[39m\n                    \u001b[0mStatus\u001b[0m\n                  \u001b[36m</th>\u001b[39m\n                \u001b[36m</tr>\u001b[39m\n              \u001b[36m</thead>\u001b[39m\n              \u001b[36m<tbody\u001b[39m\n                \u001b[33mclass\u001b[39m=\u001b[32m\"divide-y divide-white/5\"\u001b[39m\n              \u001b[36m>\u001b[39m\n                \u001b[36m<tr>\u001b[39m\n                  \u001b[36m<td\u001b[39m\n                    \u001b[33mclass\u001b[39m=\u001b[32m\"p-12 text-center text-gray-500 italic\"\u001b[39m\n                    \u001b[33mcolspan\u001b[39m=\u001b[32m\"5\"\u001b[39m\n                  \u001b[36m>\u001b[39m\n                    \u001b[0mNo leave history found.\u001b[0m\n                  \u001b[36m</td>\u001b[39m\n                \u001b[36m</tr>\u001b[39m\n              \u001b[36m</tbody>\u001b[39m\n            \u001b[36m</table>\u001b[39m\n          \u001b[36m</div>\u001b[39m\n        \u001b[36m</div>\u001b[39m\n      \u001b[36m</div>\u001b[39m\n    \u001b[36m</div>\u001b[39m\n  \u001b[36m</div>\u001b[39m\n\u001b[36m</body>\u001b[39m\n    at Proxy.waitForWrapper (/home/afdhal/data/hr/hrms/frontend/node_modules/@testing-library/dom/dist/wait-for.js:163:27)\n    at /home/afdhal/data/hr/hrms/frontend/src/__tests__/leaves.test.tsx:74:11\n    at file:///home/afdhal/data/hr/hrms/frontend/node_modules/@vitest/runner/dist/chunk-artifact.js:302:11\n    at file:///home/afdhal/data/hr/hrms/frontend/node_modules/@vitest/runner/dist/chunk-artifact.js:1893:26\n    at file:///home/afdhal/data/hr/hrms/frontend/node_modules/@vitest/runner/dist/chunk-artifact.js:2316:20\n    at new Promise (<anonymous>)\n    at runWithCancel (file:///home/afdhal/data/hr/hrms/frontend/node_modules/@vitest/runner/dist/chunk-artifact.js:2313:10)\n    at file:///home/afdhal/data/hr/hrms/frontend/node_modules/@vitest/runner/dist/chunk-artifact.js:2295:20\n    at new Promise (<anonymous>)\n    at runWithTimeout (file:///home/afdhal/data/hr/hrms/frontend/node_modules/@vitest/runner/dist/chunk-artifact.js:2262:10)","Error: Unable to find an element by: [data-testid=\"remaining-days-value\"]\n\nIgnored nodes: comments, script, style\n\u001b[36m<body>\u001b[39m\n  \u001b[36m<div>\u001b[39m\n    \u001b[36m<div>\u001b[39m\n      \u001b[36m<div\u001b[39m\n        \u001b[33mclass\u001b[39m=\u001b[32m\"space-y-8\"\u001b[39m\n      \u001b[36m>\u001b[39m\n        \u001b[36m<div\u001b[39m\n          \u001b[33mclass\u001b[39m=\u001b[32m\"flex flex-col md:flex-row md:items-center justify-between gap-4\"\u001b[39m\n        \u001b[36m>\u001b[39m\n          \u001b[36m<div\u001b[39m\n            \u001b[33mclass\u001b[39m=\u001b[32m\"space-y-1\"\u001b[39m\n          \u001b[36m>\u001b[39m\n            \u001b[36m<h1\u001b[39m\n              \u001b[33mclass\u001b[39m=\u001b[32m\"text-3xl font-bold tracking-tight text-white\"\u001b[39m\n            \u001b[36m>\u001b[39m\n              \u001b[0mtitle\u001b[0m\n            \u001b[36m</h1>\u001b[39m\n            \u001b[36m<p\u001b[39m\n              \u001b[33mclass\u001b[39m=\u001b[32m\"text-muted-foreground\"\u001b[39m\n            \u001b[36m>\u001b[39m\n              \u001b[0mManage your annual leave and absence history.\u001b[0m\n            \u001b[36m</p>\u001b[39m\n          \u001b[36m</div>\u001b[39m\n          \u001b[36m<button\u001b[39m\n            \u001b[33mclass\u001b[39m=\u001b[32m\"px-6 py-3 bg-primary text-white rounded-2xl font-bold shadow-lg shadow-primary/30 hover:scale-105 transition-all flex items-center gap-2\"\u001b[39m\n          \u001b[36m>\u001b[39m\n            \u001b[36m<svg\u001b[39m\n              \u001b[33maria-hidden\u001b[39m=\u001b[32m\"true\"\u001b[39m\n              \u001b[33mclass\u001b[39m=\u001b[32m\"lucide lucide-plus\"\u001b[39m\n              \u001b[33mfill\u001b[39m=\u001b[32m\"none\"\u001b[39m\n              \u001b[33mheight\u001b[39m=\u001b[32m\"20\"\u001b[39m\n              \u001b[33mstroke\u001b[39m=\u001b[32m\"currentColor\"\u001b[39m\n              \u001b[33mstroke-linecap\u001b[39m=\u001b[32m\"round\"\u001b[39m\n              \u001b[33mstroke-linejoin\u001b[39m=\u001b[32m\"round\"\u001b[39m\n              \u001b[33mstroke-width\u001b[39m=\u001b[32m\"2\"\u001b[39m\n              \u001b[33mviewBox\u001b[39m=\u001b[32m\"0 0 24 24\"\u001b[39m\n              \u001b[33mwidth\u001b[39m=\u001b[32m\"20\"\u001b[39m\n              \u001b[33mxmlns\u001b[39m=\u001b[32m\"http://www.w3.org/2000/svg\"\u001b[39m\n            \u001b[36m>\u001b[39m\n              \u001b[36m<path\u001b[39m\n                \u001b[33md\u001b[39m=\u001b[32m\"M5 12h14\"\u001b[39m\n              \u001b[36m/>\u001b[39m\n              \u001b[36m<path\u001b[39m\n                \u001b[33md\u001b[39m=\u001b[32m\"M12 5v14\"\u001b[39m\n              \u001b[36m/>\u001b[39m\n            \u001b[36m</svg>\u001b[39m\n            \u001b[0mrequestLeave\u001b[0m\n          \u001b[36m</button>\u001b[39m\n        \u001b[36m</div>\u001b[39m\n        \u001b[36m<div\u001b[39m\n          \u001b[33mclass\u001b[39m=\u001b[32m\"grid grid-cols-1 md:grid-cols-3 gap-6\"\u001b[39m\n        \u001b[36m>\u001b[39m\n          \u001b[36m<div\u001b[39m\n            \u001b[33mclass\u001b[39m=\u001b[32m\"col-span-3 h-32 glass-card rounded-3xl border border-dashed border-white/10 flex items-center justify-center text-gray-500 italic\"\u001b[39m\n          \u001b[36m>\u001b[39m\n            \u001b[0mNo leave balance records found for this year.\u001b[0m\n          \u001b[36m</div>\u001b[39m\n        \u001b[36m</div>\u001b[39m\n        \u001b[36m<div\u001b[39m\n          \u001b[33mclass\u001b[39m=\u001b[32m\"glass-card rounded-3xl border border-white/10 overflow-hidden\"\u001b[39m\n        \u001b[36m>\u001b[39m\n          \u001b[36m<div\u001b[39m\n            \u001b[33mclass\u001b[39m=\u001b[32m\"p-6 border-b border-white/10 flex items-center justify-between bg-white/5\"\u001b[39m\n          \u001b[36m>\u001b[39m\n            \u001b[36m<h2\u001b[39m\n              \u001b[33mclass\u001b[39m=\u001b[32m\"text-sm font-bold text-white uppercase tracking-widest\"\u001b[39m\n            \u001b[36m>\u001b[39m\n              \u001b[0mhistory\u001b[0m\n            \u001b[36m</h2>\u001b[39m\n          \u001b[36m</div>\u001b[39m\n          \u001b[36m<div\u001b[39m\n            \u001b[33mclass\u001b[39m=\u001b[32m\"overflow-x-auto\"\u001b[39m\n          \u001b[36m>\u001b[39m\n            \u001b[36m<table\u001b[39m\n              \u001b[33mclass\u001b[39m=\u001b[32m\"w-full text-left\"\u001b[39m\n            \u001b[36m>\u001b[39m\n              \u001b[36m<thead>\u001b[39m\n                \u001b[36m<tr\u001b[39m\n                  \u001b[33mclass\u001b[39m=\u001b[32m\"bg-white/5\"\u001b[39m\n                \u001b[36m>\u001b[39m\n                  \u001b[36m<th\u001b[39m\n                    \u001b[33mclass\u001b[39m=\u001b[32m\"px-6 py-4 text-[10px] font-bold text-gray-500 uppercase tracking-widest\"\u001b[39m\n                  \u001b[36m>\u001b[39m\n                    \u001b[0mType\u001b[0m\n                  \u001b[36m</th>\u001b[39m\n                  \u001b[36m<th\u001b[39m\n                    \u001b[33mclass\u001b[39m=\u001b[32m\"px-6 py-4 text-[10px] font-bold text-gray-500 uppercase tracking-widest\"\u001b[39m\n                  \u001b[36m>\u001b[39m\n                    \u001b[0mStart Date\u001b[0m\n                  \u001b[36m</th>\u001b[39m\n                  \u001b[36m<th\u001b[39m\n                    \u001b[33mclass\u001b[39m=\u001b[32m\"px-6 py-4 text-[10px] font-bold text-gray-500 uppercase tracking-widest\"\u001b[39m\n                  \u001b[36m>\u001b[39m\n                    \u001b[0mEnd Date\u001b[0m\n                  \u001b[36m</th>\u001b[39m\n                  \u001b[36m<th\u001b[39m\n                    \u001b[33mclass\u001b[39m=\u001b[32m\"px-6 py-4 text-[10px] font-bold text-gray-500 uppercase tracking-widest\"\u001b[39m\n                  \u001b[36m>\u001b[39m\n                    \u001b[0mReason\u001b[0m\n                  \u001b[36m</th>\u001b[39m\n                  \u001b[36m<th\u001b[39m\n                    \u001b[33mclass\u001b[39m=\u001b[32m\"px-6 py-4 text-[10px] font-bold text-gray-500 uppercase tracking-widest text-center\"\u001b[39m\n                  \u001b[36m>\u001b[39m\n                    \u001b[0mStatus\u001b[0m\n                  \u001b[36m</th>\u001b[39m\n                \u001b[36m</tr>\u001b[39m\n              \u001b[36m</thead>\u001b[39m\n              \u001b[36m<tbody\u001b[39m\n                \u001b[33mclass\u001b[39m=\u001b[32m\"divide-y divide-white/5\"\u001b[39m\n              \u001b[36m>\u001b[39m\n                \u001b[36m<tr>\u001b[39m\n                  \u001b[36m<td\u001b[39m\n                    \u001b[33mclass\u001b[39m=\u001b[32m\"p-12 text-center text-gray-500 italic\"\u001b[39m\n                    \u001b[33mcolspan\u001b[39m=\u001b[32m\"5\"\u001b[39m\n                  \u001b[36m>\u001b[39m\n                    \u001b[0mNo leave history found.\u001b[0m\n                  \u001b[36m</td>\u001b[39m\n                \u001b[36m</tr>\u001b[39m\n              \u001b[36m</tbody>\u001b[39m\n            \u001b[36m</table>\u001b[39m\n          \u001b[36m</div>\u001b[39m\n        \u001b[36m</div>\u001b[39m\n      \u001b[36m</div>\u001b[39m\n    \u001b[36m</div>\u001b[39m\n  \u001b[36m</div>\u001b[39m\n\u001b[36m</body>\u001b[39m\n    at Proxy.waitForWrapper (/home/afdhal/data/hr/hrms/frontend/node_modules/@testing-library/dom/dist/wait-for.js:163:27)\n    at /home/afdhal/data/hr/hrms/frontend/src/__tests__/leaves.test.tsx:74:11\n    at file:///home/afdhal/data/hr/hrms/frontend/node_modules/@vitest/runner/dist/chunk-artifact.js:302:11\n    at file:///home/afdhal/data/hr/hrms/frontend/node_modules/@vitest/runner/dist/chunk-artifact.js:1893:26\n    at file:///home/afdhal/data/hr/hrms/frontend/node_modules/@vitest/runner/dist/chunk-artifact.js:2316:20\n    at new Promise (<anonymous>)\n    at runWithCancel (file:///home/afdhal/data/hr/hrms/frontend/node_modules/@vitest/runner/dist/chunk-artifact.js:2313:10)\n    at file:///home/afdhal/data/hr/hrms/frontend/node_modules/@vitest/runner/dist/chunk-artifact.js:2295:20\n    at new Promise (<anonymous>)\n    at runWithTimeout (file:///home/afdhal/data/hr/hrms/frontend/node_modules/@vitest/runner/dist/chunk-artifact.js:2262:10)"],"meta":{},"tags":[]},{"ancestorTitles":["LeavesPage (Integrated)"],"fullName":"LeavesPage (Integrated) handles empty leave balances and history","status":"passed","title":"handles empty leave balances and history","duration":14.578542000002926,"failureMessages":[],"meta":{},"tags":[]},{"ancestorTitles":["LeavesPage (Integrated)"],"fullName":"LeavesPage (Integrated) handles API fetch error gracefully","status":"passed","title":"handles API fetch error gracefully","duration":8.46494900000107,"failureMessages":[],"meta":{},"tags":[]},{"ancestorTitles":["LeavesPage (Integrated)"],"fullName":"LeavesPage (Integrated) opens and submits leave request modal to real API","status":"passed","title":"opens and submits leave request modal to real API","duration":51.841379999998026,"failureMessages":[],"meta":{},"tags":[]},{"ancestorTitles":["LeavesPage (Integrated)"],"fullName":"LeavesPage (Integrated) handles submission error","status":"passed","title":"handles submission error","duration":44.63273499999923,"failureMessages":[],"meta":{},"tags":[]},{"ancestorTitles":["LeavesPage (Integrated)"],"fullName":"LeavesPage (Integrated) handles input change for all form fields","status":"passed","title":"handles input change for all form fields","duration":24.231983999998192,"failureMessages":[],"meta":{},"tags":[]},{"ancestorTitles":["LeavesPage (Integrated)"],"fullName":"LeavesPage (Integrated) closes modal when cancel is clicked","status":"passed","title":"closes modal when cancel is clicked","duration":21.33837399999902,"failureMessages":[],"meta":{},"tags":[]}],"startTime":1777022337721,"endTime":1777022367962.3384,"status":"failed","message":"","name":"/home/afdhal/data/hr/hrms/frontend/src/__tests__/leaves.test.tsx"},{"assertionResults":[{"ancestorTitles":["LoginPage Access Restrictions"],"fullName":"LoginPage Access Restrictions renders \"Akses Terbatas\" on public domain without forceShowForm","status":"passed","title":"renders \"Akses Terbatas\" on public domain without forceShowForm","duration":70.6174289999999,"failureMessages":[],"meta":{},"tags":[]},{"ancestorTitles":["LoginPage Access Restrictions"],"fullName":"LoginPage Access Restrictions renders login form on public domain when forceShowForm is true","status":"passed","title":"renders login form on public domain when forceShowForm is true","duration":40.80174999999963,"failureMessages":[],"meta":{},"tags":[]},{"ancestorTitles":["LoginPage Access Restrictions"],"fullName":"LoginPage Access Restrictions renders normal login form on tenant subdomain","status":"passed","title":"renders normal login form on tenant subdomain","duration":42.554393999999775,"failureMessages":[],"meta":{},"tags":[]},{"ancestorTitles":["LoginPage Access Restrictions"],"fullName":"LoginPage Access Restrictions submits login form and navigates home","status":"passed","title":"submits login form and navigates home","duration":81.75916099999995,"failureMessages":[],"meta":{},"tags":[]}],"startTime":1777022345320,"endTime":1777022345555.7593,"status":"passed","message":"","name":"/home/afdhal/data/hr/hrms/frontend/src/__tests__/login_access.test.tsx"},{"assertionResults":[{"ancestorTitles":["Integrated Payroll Tests","PayrollPage"],"fullName":"Integrated Payroll Tests PayrollPage renders payslips list successfully from real backend","status":"passed","title":"renders payslips list successfully from real backend","duration":269.65713400000004,"failureMessages":[],"meta":{},"tags":[]},{"ancestorTitles":["Integrated Payroll Tests","PayrollPage"],"fullName":"Integrated Payroll Tests PayrollPage opens detail modal on view button click","status":"passed","title":"opens detail modal on view button click","duration":236.8829399999995,"failureMessages":[],"meta":{},"tags":[]},{"ancestorTitles":["Integrated Payroll Tests","PayrollPage"],"fullName":"Integrated Payroll Tests PayrollPage shows no payslips message when server returns empty data","status":"passed","title":"shows no payslips message when server returns empty data","duration":167.17780299999959,"failureMessages":[],"meta":{},"tags":[]},{"ancestorTitles":["Integrated Payroll Tests","PayrollPage"],"fullName":"Integrated Payroll Tests PayrollPage calls apiDownload when download button is clicked","status":"passed","title":"calls apiDownload when download button is clicked","duration":235.27024299999994,"failureMessages":[],"meta":{},"tags":[]},{"ancestorTitles":["Integrated Payroll Tests","PayrollPage"],"fullName":"Integrated Payroll Tests PayrollPage handles API fetch error gracefully","status":"passed","title":"handles API fetch error gracefully","duration":26.415571999999884,"failureMessages":[],"meta":{},"tags":[]},{"ancestorTitles":["Integrated Payroll Tests","GeneratePayrollModal"],"fullName":"Integrated Payroll Tests GeneratePayrollModal fetches periods and enables the generate button when period is available","status":"passed","title":"fetches periods and enables the generate button when period is available","duration":44.551236000000245,"failureMessages":[],"meta":{},"tags":[]},{"ancestorTitles":["Integrated Payroll Tests","GeneratePayrollModal"],"fullName":"Integrated Payroll Tests GeneratePayrollModal shows error toast when payroll generation fails","status":"passed","title":"shows error toast when payroll generation fails","duration":10117.448156999999,"failureMessages":["Error: expect(element).not.toBeDisabled()\n\nReceived element is disabled:\n  <button\n  class=\"w-full py-5 bg-primary text-white rounded-2xl font-black text-lg shadow-xl shadow-primary/30 hover:shadow-primary/50 hover:-translate-y-1 transition-all disabled:opacity-50 disabled:translate-y-0 flex items-center justify-center gap-2\"\n  disabled=\"\"\n/>\n\nIgnored nodes: comments, script, style\n\u001b[36m<html>\u001b[39m\n  \u001b[36m<head />\u001b[39m\n  \u001b[36m<body>\u001b[39m\n    \u001b[36m<div>\u001b[39m\n      \u001b[36m<div\u001b[39m\n        \u001b[33mclass\u001b[39m=\u001b[32m\"fixed inset-0 z-50 flex items-center justify-center p-4 bg-black/80 backdrop-blur-md\"\u001b[39m\n      \u001b[36m>\u001b[39m\n        \u001b[36m<div\u001b[39m\n          \u001b[33manimate\u001b[39m=\u001b[32m\"[object Object]\"\u001b[39m\n          \u001b[33maria-modal\u001b[39m=\u001b[32m\"true\"\u001b[39m\n          \u001b[33mclass\u001b[39m=\u001b[32m\"glass-card w-full max-w-md bg-[#0f172a] p-8 rounded-[40px] border border-white/20 shadow-2xl\"\u001b[39m\n          \u001b[33mexit\u001b[39m=\u001b[32m\"[object Object]\"\u001b[39m\n          \u001b[33minitial\u001b[39m=\u001b[32m\"[object Object]\"\u001b[39m\n          \u001b[33mrole\u001b[39m=\u001b[32m\"dialog\"\u001b[39m\n        \u001b[36m>\u001b[39m\n          \u001b[36m<div\u001b[39m\n            \u001b[33mclass\u001b[39m=\u001b[32m\"flex items-center justify-between mb-8\"\u001b[39m\n          \u001b[36m>\u001b[39m\n            \u001b[36m<div\u001b[39m\n              \u001b[33mclass\u001b[39m=\u001b[32m\"flex items-center gap-3\"\u001b[39m\n            \u001b[36m>\u001b[39m\n              \u001b[36m<div\u001b[39m\n                \u001b[33mclass\u001b[39m=\u001b[32m\"h-12 w-12 rounded-2xl bg-primary/10 flex items-center justify-center text-primary\"\u001b[39m\n              \u001b[36m>\u001b[39m\n                \u001b[36m<svg\u001b[39m\n                  \u001b[33maria-hidden\u001b[39m=\u001b[32m\"true\"\u001b[39m\n                  \u001b[33mclass\u001b[39m=\u001b[32m\"lucide lucide-play\"\u001b[39m\n                  \u001b[33mfill\u001b[39m=\u001b[32m\"currentColor\"\u001b[39m\n                  \u001b[33mheight\u001b[39m=\u001b[32m\"24\"\u001b[39m\n                  \u001b[33mstroke\u001b[39m=\u001b[32m\"currentColor\"\u001b[39m\n                  \u001b[33mstroke-linecap\u001b[39m=\u001b[32m\"round\"\u001b[39m\n                  \u001b[33mstroke-linejoin\u001b[39m=\u001b[32m\"round\"\u001b[39m\n                  \u001b[33mstroke-width\u001b[39m=\u001b[32m\"2\"\u001b[39m\n                  \u001b[33mviewBox\u001b[39m=\u001b[32m\"0 0 24 24\"\u001b[39m\n                  \u001b[33mwidth\u001b[39m=\u001b[32m\"24\"\u001b[39m\n                  \u001b[33mxmlns\u001b[39m=\u001b[32m\"http://www.w3.org/2000/svg\"\u001b[39m\n                \u001b[36m>\u001b[39m\n                  \u001b[36m<path\u001b[39m\n                    \u001b[33md\u001b[39m=\u001b[32m\"M5 5a2 2 0 0 1 3.008-1.728l11.997 6.998a2 2 0 0 1 .003 3.458l-12 7A2 2 0 0 1 5 19z\"\u001b[39m\n                  \u001b[36m/>\u001b[39m\n                \u001b[36m</svg>\u001b[39m\n              \u001b[36m</div>\u001b[39m\n              \u001b[36m<h2\u001b[39m\n                \u001b[33mclass\u001b[39m=\u001b[32m\"text-2xl font-black text-white tracking-tighter\"\u001b[39m\n              \u001b[36m>\u001b[39m\n                \u001b[0mmodal.generateTitle\u001b[0m\n              \u001b[36m</h2>\u001b[39m\n            \u001b[36m</div>\u001b[39m\n            \u001b[36m<button\u001b[39m\n              \u001b[33mclass\u001b[39m=\u001b[32m\"text-gray-500 hover:text-white transition-colors\"\u001b[39m\n            \u001b[36m>\u001b[39m\n              \u001b[36m<svg\u001b[39m\n                \u001b[33maria-hidden\u001b[39m=\u001b[32m\"true\"\u001b[39m\n                \u001b[33mclass\u001b[39m=\u001b[32m\"lucide lucide-x\"\u001b[39m\n                \u001b[33mfill\u001b[39m=\u001b[32m\"none\"\u001b[39m\n                \u001b[33mheight\u001b[39m=\u001b[32m\"20\"\u001b[39m\n                \u001b[33mstroke\u001b[39m=\u001b[32m\"currentColor\"\u001b[39m\n                \u001b[33mstroke-linecap\u001b[39m=\u001b[32m\"round\"\u001b[39m\n                \u001b[33mstroke-linejoin\u001b[39m=\u001b[32m\"round\"\u001b[39m\n                \u001b[33mstroke-width\u001b[39m=\u001b[32m\"2\"\u001b[39m\n                \u001b[33mviewBox\u001b[39m=\u001b[32m\"0 0 24 24\"\u001b[39m\n                \u001b[33mwidth\u001b[39m=\u001b[32m\"20\"\u001b[39m\n                \u001b[33mxmlns\u001b[39m=\u001b[32m\"http://www.w3.org/2000/svg\"\u001b[39m\n              \u001b[36m>\u001b[39m\n                \u001b[36m<path\u001b[39m\n                  \u001b[33md\u001b[39m=\u001b[32m\"M18 6 6 18\"\u001b[39m\n                \u001b[36m/>\u001b[39m\n                \u001b[36m<path\u001b[39m\n                  \u001b[33md\u001b[39m=\u001b[32m\"m6 6 12 12\"\u001b[39m\n                \u001b[36m/>\u001b[39m\n              \u001b[36m</svg>\u001b[39m\n            \u001b[36m</button>\u001b[39m\n          \u001b[36m</div>\u001b[39m\n          \u001b[36m<div\u001b[39m\n            \u001b[33mclass\u001b[39m=\u001b[32m\"space-y-6\"\u001b[39m\n          \u001b[36m>\u001b[39m\n            \u001b[36m<div\u001b[39m\n              \u001b[33mclass\u001b[39m=\u001b[32m\"p-4 rounded-2xl bg-orange-500/5 border border-orange-500/10 flex gap-3\"\u001b[39m\n            \u001b[36m>\u001b[39m\n              \u001b[36m<svg\u001b[39m\n                \u001b[33maria-hidden\u001b[39m=\u001b[32m\"true\"\u001b[39m\n                \u001b[33mclass\u001b[39m=\u001b[32m\"lucide lucide-circle-alert text-orange-500 shrink-0\"\u001b[39m\n                \u001b[33mfill\u001b[39m=\u001b[32m\"none\"\u001b[39m\n                \u001b[33mheight\u001b[39m=\u001b[32m\"20\"\u001b[39m\n                \u001b[33mstroke\u001b[39m=\u001b[32m\"currentColor\"\u001b[39m\n                \u001b[33mstroke-linecap\u001b[39m=\u001b[32m\"round\"\u001b[39m\n                \u001b[33mstroke-linejoin\u001b[39m=\u001b[32m\"round\"\u001b[39m\n                \u001b[33mstroke-width\u001b[39m=\u001b[32m\"2\"\u001b[39m\n                \u001b[33mviewBox\u001b[39m=\u001b[32m\"0 0 24 24\"\u001b[39m\n                \u001b[33mwidth\u001b[39m=\u001b[32m\"20\"\u001b[39m\n                \u001b[33mxmlns\u001b[39m=\u001b[32m\"http://www.w3.org/2000/svg\"\u001b[39m\n              \u001b[36m>\u001b[39m\n                \u001b[36m<circle\u001b[39m\n                  \u001b[33mcx\u001b[39m=\u001b[32m\"12\"\u001b[39m\n                  \u001b[33mcy\u001b[39m=\u001b[32m\"12\"\u001b[39m\n                  \u001b[33mr\u001b[39m=\u001b[32m\"10\"\u001b[39m\n                \u001b[36m/>\u001b[39m\n                \u001b[36m<line\u001b[39m\n                  \u001b[33mx1\u001b[39m=\u001b[32m\"12\"\u001b[39m\n                  \u001b[33mx2\u001b[39m=\u001b[32m\"12\"\u001b[39m\n                  \u001b[33my1\u001b[39m=\u001b[32m\"8\"\u001b[39m\n                  \u001b[33my2\u001b[39m=\u001b[32m\"12\"\u001b[39m\n                \u001b[36m/>\u001b[39m\n                \u001b[36m<line\u001b[39m\n                  \u001b[33mx1\u001b[39m=\u001b[32m\"12\"\u001b[39m\n                  \u001b[33mx2\u001b[39m=\u001b[32m\"12.01\"\u001b[39m\n                  \u001b[33my1\u001b[39m=\u001b[32m\"16\"\u001b[39m\n                  \u001b[33my2\u001b[39m=\u001b[32m\"16\"\u001b[39m\n                \u001b[36m/>\u001b[39m\n              \u001b[36m</svg>\u001b[39m\n              \u001b[36m<p\u001b[39m\n                \u001b[33mclass\u001b[39m=\u001b[32m\"text-xs text-orange-200/70 leading-relaxed\"\u001b[39m\n              \u001b[36m>\u001b[39m\n                \u001b[0mGenerating payroll will calculate BPJS, PPh 21 (TER 2024), and include approved Overtime/Reimbursements for the selected period.\u001b[0m\n              \u001b[36m</p>\u001b[39m\n            \u001b[36m</div>\u001b[39m\n            \u001b[36m<div>\u001b[39m\n              \u001b[36m<label\u001b[39m\n                \u001b[33mclass\u001b[39m=\u001b[32m\"block text-[10px] font-bold text-gray-500 uppercase tracking-widest mb-3 font-mono\"\u001b[39m\n              \u001b[36m>\u001b[39m\n                \u001b[0mmodal.selectPeriod\u001b[0m\n              \u001b[36m</label>\u001b[39m\n              \u001b[36m<div\u001b[39m\n                \u001b[33mclass\u001b[39m=\u001b[32m\"grid grid-cols-1 gap-3 max-h-[300px] overflow-y-auto pr-2 custom-scrollbar\"\u001b[39m\n              \u001b[36m/>\u001b[39m\n            \u001b[36m</div>\u001b[39m\n            \u001b[36m<button\u001b[39m\n              \u001b[33mclass\u001b[39m=\u001b[32m\"w-full py-5 bg-primary text-white rounded-2xl font-black text-lg shadow-xl shadow-primary/30 hover:shadow-primary/50 hover:-translate-y-1 transition-all disabled:opacity-50 disabled:translate-y-0 flex items-center justify-center gap-2\"\u001b[39m\n              \u001b[33mdisabled\u001b[39m=\u001b[32m\"\"\u001b[39m\n            \u001b[36m>\u001b[39m\n              \u001b[0mmodal.generateBtn\u001b[0m\n            \u001b[36m</button>\u001b[39m\n            \u001b[36m<button\u001b[39m\n              \u001b[33mclass\u001b[39m=\u001b[32m\"w-full py-2 text-sm font-bold text-gray-500 hover:text-white transition-colors\"\u001b[39m\n            \u001b[36m>\u001b[39m\n              \u001b[0mcancel\u001b[0m\n            \u001b[36m</button>\u001b[39m\n          \u001b[36m</div>\u001b[39m\n        \u001b[36m</div>\u001b[39m\n      \u001b[36m</div>\u001b[39m\n    \u001b[36m</div>\u001b[39m\n  \u001b[36m</body>\u001b[39m\n\u001b[36m</html>\u001b[39m\n    at Proxy.expectWrapper (file:///home/afdhal/data/hr/hrms/frontend/node_modules/@vitest/expect/dist/index.js:1886:12)\n    at Proxy.<anonymous> (file:///home/afdhal/data/hr/hrms/frontend/node_modules/@vitest/expect/dist/index.js:1155:15)\n    at Proxy.methodWrapper (file:///home/afdhal/data/hr/hrms/frontend/node_modules/chai/index.js:1700:25)\n    at __vi_import_0__.waitFor.timeout (/home/afdhal/data/hr/hrms/frontend/src/__tests__/payroll.test.tsx:158:51)\n    at runWithExpensiveErrorDiagnosticsDisabled (/home/afdhal/data/hr/hrms/frontend/node_modules/@testing-library/dom/dist/config.js:47:12)\n    at checkCallback (/home/afdhal/data/hr/hrms/frontend/node_modules/@testing-library/dom/dist/wait-for.js:124:77)\n    at Timeout.checkRealTimersCallback (/home/afdhal/data/hr/hrms/frontend/node_modules/@testing-library/dom/dist/wait-for.js:118:16)\n    at listOnTimeout (node:internal/timers:588:17)\n    at processTimers (node:internal/timers:523:7)"],"meta":{},"tags":[]}],"startTime":1777022334837,"endTime":1777022345935.4482,"status":"passed","message":"","name":"/home/afdhal/data/hr/hrms/frontend/src/__tests__/payroll.test.tsx"},{"assertionResults":[{"ancestorTitles":["PerformancePage (Integrated)"],"fullName":"PerformancePage (Integrated) renders KPI targets and appraisals from real backend","status":"passed","title":"renders KPI targets and appraisals from real backend","duration":423.30338699999993,"failureMessages":[],"meta":{},"tags":[]},{"ancestorTitles":["PerformancePage (Integrated)"],"fullName":"PerformancePage (Integrated) handles empty states","status":"passed","title":"handles empty states","duration":30.438421999999264,"failureMessages":[],"meta":{},"tags":[]},{"ancestorTitles":["PerformancePage (Integrated)"],"fullName":"PerformancePage (Integrated) handles appraisals with no reviews gracefully","status":"passed","title":"handles appraisals with no reviews gracefully","duration":32.553907999999865,"failureMessages":[],"meta":{},"tags":[]},{"ancestorTitles":["PerformancePage (Integrated)"],"fullName":"PerformancePage (Integrated) opens modal on button click","status":"passed","title":"opens modal on button click","duration":294.7431259999994,"failureMessages":[],"meta":{},"tags":[]},{"ancestorTitles":["PerformancePage (Integrated)"],"fullName":"PerformancePage (Integrated) renders nothing if module is disabled","status":"passed","title":"renders nothing if module is disabled","duration":7.967416999999841,"failureMessages":[],"meta":{},"tags":[]},{"ancestorTitles":["PerformancePage (Integrated)"],"fullName":"PerformancePage (Integrated) calculates average score correctly","status":"passed","title":"calculates average score correctly","duration":37.69701899999927,"failureMessages":[],"meta":{},"tags":[]}],"startTime":1777022334917,"endTime":1777022335744.697,"status":"passed","message":"","name":"/home/afdhal/data/hr/hrms/frontend/src/__tests__/performance.test.tsx"},{"assertionResults":[{"ancestorTitles":["ProfilePage (Integrated)"],"fullName":"ProfilePage (Integrated) loads and displays real profile data from backend","status":"passed","title":"loads and displays real profile data from backend","duration":384.1417959999999,"failureMessages":[],"meta":{},"tags":[]},{"ancestorTitles":["ProfilePage (Integrated)"],"fullName":"ProfilePage (Integrated) updates profile fields and saves to real database","status":"passed","title":"updates profile fields and saves to real database","duration":485.1463900000008,"failureMessages":[],"meta":{},"tags":[]},{"ancestorTitles":["ProfilePage (Integrated)"],"fullName":"ProfilePage (Integrated) handles document upload","status":"passed","title":"handles document upload","duration":562.4688650000007,"failureMessages":[],"meta":{},"tags":[]},{"ancestorTitles":["ProfilePage (Integrated)"],"fullName":"ProfilePage (Integrated) handles profile fetch error","status":"passed","title":"handles profile fetch error","duration":124.64411500000006,"failureMessages":[],"meta":{},"tags":[]},{"ancestorTitles":["ProfilePage (Integrated)"],"fullName":"ProfilePage (Integrated) handles update error","status":"passed","title":"handles update error","duration":236.58293299999968,"failureMessages":[],"meta":{},"tags":[]},{"ancestorTitles":["ProfilePage (Integrated)"],"fullName":"ProfilePage (Integrated) handles avatar upload","status":"passed","title":"handles avatar upload","duration":207.50643000000036,"failureMessages":[],"meta":{},"tags":[]},{"ancestorTitles":["ProfilePage (Integrated)"],"fullName":"ProfilePage (Integrated) updates KTP, NPWP and PTKP fields","status":"passed","title":"updates KTP, NPWP and PTKP fields","duration":377.15675100000044,"failureMessages":[],"meta":{},"tags":[]}],"startTime":1777022334652,"endTime":1777022337030.1567,"status":"passed","message":"","name":"/home/afdhal/data/hr/hrms/frontend/src/__tests__/profile.test.tsx"},{"assertionResults":[{"ancestorTitles":["Quota Enforcement UI"],"fullName":"Quota Enforcement UI shows quota error message when employee limit is reached","status":"passed","title":"shows quota error message when employee limit is reached","duration":138.76340900000014,"failureMessages":[],"meta":{},"tags":[]}],"startTime":1777022350313,"endTime":1777022350451.7634,"status":"passed","message":"","name":"/home/afdhal/data/hr/hrms/frontend/src/__tests__/quota_enforcement.test.tsx"},{"assertionResults":[{"ancestorTitles":["ReimbursementsPage (Integrated)"],"fullName":"ReimbursementsPage (Integrated) renders reimbursements list from real backend","status":"passed","title":"renders reimbursements list from real backend","duration":213.75813900000048,"failureMessages":[],"meta":{},"tags":[]},{"ancestorTitles":["ReimbursementsPage (Integrated)"],"fullName":"ReimbursementsPage (Integrated) handles empty state successfully","status":"passed","title":"handles empty state successfully","duration":71.19012699999985,"failureMessages":[],"meta":{},"tags":[]},{"ancestorTitles":["ReimbursementsPage (Integrated)"],"fullName":"ReimbursementsPage (Integrated) handles empty claims and categories","status":"passed","title":"handles empty claims and categories","duration":36.55766300000141,"failureMessages":[],"meta":{},"tags":[]},{"ancestorTitles":["ReimbursementsPage (Integrated)"],"fullName":"ReimbursementsPage (Integrated) handles API error on fetch","status":"passed","title":"handles API error on fetch","duration":31.247088000000076,"failureMessages":[],"meta":{},"tags":[]},{"ancestorTitles":["ReimbursementsPage (Integrated)"],"fullName":"ReimbursementsPage (Integrated) submits a new reimbursement request successfully","status":"passed","title":"submits a new reimbursement request successfully","duration":119.61280599999918,"failureMessages":[],"meta":{},"tags":[]}],"startTime":1777022343922,"endTime":1777022344394.6128,"status":"passed","message":"","name":"/home/afdhal/data/hr/hrms/frontend/src/__tests__/reimbursements.test.tsx"},{"assertionResults":[{"ancestorTitles":["SignupPage Component"],"fullName":"SignupPage Component renders all registration fields","status":"passed","title":"renders all registration fields","duration":91.92185299999983,"failureMessages":[],"meta":{},"tags":[]},{"ancestorTitles":["SignupPage Component"],"fullName":"SignupPage Component handles successful form submission","status":"passed","title":"handles successful form submission","duration":101.93805900000007,"failureMessages":[],"meta":{},"tags":[]},{"ancestorTitles":["SignupPage Component"],"fullName":"SignupPage Component displays error message on submission failure","status":"passed","title":"displays error message on submission failure","duration":112.1133120000004,"failureMessages":[],"meta":{},"tags":[]}],"startTime":1777022345130,"endTime":1777022345436.1133,"status":"passed","message":"","name":"/home/afdhal/data/hr/hrms/frontend/src/__tests__/signup.test.tsx"},{"assertionResults":[{"ancestorTitles":["Frontend Smoke Test"],"fullName":"Frontend Smoke Test renders a basic component","status":"passed","title":"renders a basic component","duration":30.016533999999865,"failureMessages":[],"meta":{},"tags":[]}],"startTime":1777022352246,"endTime":1777022352276.0166,"status":"passed","message":"","name":"/home/afdhal/data/hr/hrms/frontend/src/__tests__/smoke.test.tsx"},{"assertionResults":[{"ancestorTitles":["TenantContext"],"fullName":"TenantContext identifies localhost as public","status":"passed","title":"identifies localhost as public","duration":46.14622999999983,"failureMessages":[],"meta":{},"tags":[]},{"ancestorTitles":["TenantContext"],"fullName":"TenantContext extracts subdomain correctly from default localhost suffix","status":"passed","title":"extracts subdomain correctly from default localhost suffix","duration":11.865646999999626,"failureMessages":[],"meta":{},"tags":[]},{"ancestorTitles":["TenantContext"],"fullName":"TenantContext extracts subdomain using custom NEXT_PUBLIC_DOMAIN_SUFFIX","status":"passed","title":"extracts subdomain using custom NEXT_PUBLIC_DOMAIN_SUFFIX","duration":7.7827330000000075,"failureMessages":[],"meta":{},"tags":[]},{"ancestorTitles":["TenantContext"],"fullName":"TenantContext handles www as public even if suffixed","status":"passed","title":"handles www as public even if suffixed","duration":4.719144000000142,"failureMessages":[],"meta":{},"tags":[]},{"ancestorTitles":["TenantContext"],"fullName":"TenantContext fetches tenant settings and updates name for subdomain","status":"passed","title":"fetches tenant settings and updates name for subdomain","duration":8.500214000000142,"failureMessages":[],"meta":{},"tags":[]},{"ancestorTitles":["TenantContext"],"fullName":"TenantContext handles test_tenant override on localhost","status":"passed","title":"handles test_tenant override on localhost","duration":6.509920999999849,"failureMessages":[],"meta":{},"tags":[]}],"startTime":1777022349566,"endTime":1777022349652.51,"status":"passed","message":"","name":"/home/afdhal/data/hr/hrms/frontend/src/__tests__/tenant_context.test.tsx"},{"assertionResults":[{"ancestorTitles":["Test Utilities"],"fullName":"Test Utilities loginAs returns a token on success","status":"passed","title":"loginAs returns a token on success","duration":2.9822010000002592,"failureMessages":[],"meta":{},"tags":[]},{"ancestorTitles":["Test Utilities"],"fullName":"Test Utilities loginAs handles failure","status":"passed","title":"loginAs handles failure","duration":6.615977999999814,"failureMessages":[],"meta":{},"tags":[]},{"ancestorTitles":["Test Utilities"],"fullName":"Test Utilities verifies localStorage integration","status":"passed","title":"verifies localStorage integration","duration":0.4982060000002093,"failureMessages":[],"meta":{},"tags":[]},{"ancestorTitles":["Test Utilities"],"fullName":"Test Utilities verifies sessionStorage integration","status":"passed","title":"verifies sessionStorage integration","duration":0.49260899999990215,"failureMessages":[],"meta":{},"tags":[]},{"ancestorTitles":["Test Utilities"],"fullName":"Test Utilities verifies window.location mocking","status":"passed","title":"verifies window.location mocking","duration":0.3106809999999314,"failureMessages":[],"meta":{},"tags":[]},{"ancestorTitles":["Test Utilities"],"fullName":"Test Utilities verifies environment variables","status":"passed","title":"verifies environment variables","duration":0.33844500000031985,"failureMessages":[],"meta":{},"tags":[]},{"ancestorTitles":["Test Utilities"],"fullName":"Test Utilities verifies canvas mocking","status":"passed","title":"verifies canvas mocking","duration":0.5377019999996264,"failureMessages":[],"meta":{},"tags":[]},{"ancestorTitles":["Test Utilities"],"fullName":"Test Utilities verifies next-intl mocking","status":"passed","title":"verifies next-intl mocking","duration":1.3198790000001281,"failureMessages":[],"meta":{},"tags":[]},{"ancestorTitles":["Test Utilities"],"fullName":"Test Utilities verifies next/navigation mocking","status":"passed","title":"verifies next/navigation mocking","duration":1.0081740000000536,"failureMessages":[],"meta":{},"tags":[]},{"ancestorTitles":["Test Utilities"],"fullName":"Test Utilities verifies tenant isolation logic","status":"passed","title":"verifies tenant isolation logic","duration":0.33062799999970593,"failureMessages":[],"meta":{},"tags":[]}],"startTime":1777022352571,"endTime":1777022352586.3306,"status":"passed","message":"","name":"/home/afdhal/data/hr/hrms/frontend/src/__tests__/utils.test.ts"}]}