{"numTotalTestSuites":64,"numPassedTestSuites":46,"numFailedTestSuites":18,"numPendingTestSuites":0,"numTotalTests":194,"numPassedTests":170,"numFailedTests":24,"numPendingTests":0,"numTodoTests":0,"snapshot":{"added":0,"failure":false,"filesAdded":0,"filesRemoved":0,"filesRemovedList":[],"filesUnmatched":0,"filesUpdated":0,"matched":0,"total":0,"unchecked":0,"uncheckedKeysByFile":[],"unmatched":0,"updated":0,"didUpdate":false},"startTime":1778470671169,"success":false,"testResults":[{"assertionResults":[{"ancestorTitles":["CorrectionRequestList"],"fullName":"CorrectionRequestList renders a list of requests correctly","status":"passed","title":"renders a list of requests correctly","duration":58.321564999999964,"failureMessages":[],"meta":{},"tags":[]},{"ancestorTitles":["CorrectionRequestList"],"fullName":"CorrectionRequestList shows empty state when no requests","status":"passed","title":"shows empty state when no requests","duration":4.862482,"failureMessages":[],"meta":{},"tags":[]},{"ancestorTitles":["CorrectionRequestList"],"fullName":"CorrectionRequestList handles approval action","status":"passed","title":"handles approval action","duration":21.311194999999998,"failureMessages":[],"meta":{},"tags":[]}],"startTime":1778470831874,"endTime":1778470831958.3113,"status":"passed","message":"","name":"/home/afdhal/data/hr/hrms/frontend/src/__tests__/CorrectionRequestList.test.tsx"},{"assertionResults":[{"ancestorTitles":["CorrectionRequestModal"],"fullName":"CorrectionRequestModal renders correctly when open","status":"passed","title":"renders correctly when open","duration":54.32617499999992,"failureMessages":[],"meta":{},"tags":[]},{"ancestorTitles":["CorrectionRequestModal"],"fullName":"CorrectionRequestModal validates that reason is required","status":"passed","title":"validates that reason is required","duration":18.276579000000083,"failureMessages":[],"meta":{},"tags":[]},{"ancestorTitles":["CorrectionRequestModal"],"fullName":"CorrectionRequestModal submits form with correct data","status":"passed","title":"submits form with correct data","duration":38.20072600000003,"failureMessages":[],"meta":{},"tags":[]}],"startTime":1778470833411,"endTime":1778470833522.2007,"status":"passed","message":"","name":"/home/afdhal/data/hr/hrms/frontend/src/__tests__/CorrectionRequestModal.test.tsx"},{"assertionResults":[{"ancestorTitles":["Sidebar Component (Integrated)"],"fullName":"Sidebar Component (Integrated) renders real user data from backend","status":"failed","title":"renders real user data from backend","duration":40130.682102,"failureMessages":["Error: Unable to find an element with the text: /admin@(worker_\\d+|company1)\\.com/i. This could be because the text is broken up by multiple elements. In this case, you can provide a function for your text matcher to make your matcher more flexible.\n\nIgnored nodes: comments, script, style\n\u001b[36m<body>\u001b[39m\n  \u001b[36m<div>\u001b[39m\n    \u001b[36m<aside\u001b[39m\n      \u001b[33mclass\u001b[39m=\u001b[32m\"fixed left-0 top-0 z-40 h-screen w-64 glass-nav border-r border-white/10 transition-transform backdrop-blur-[20px] shadow-2xl\"\u001b[39m\n    \u001b[36m>\u001b[39m\n      \u001b[36m<div\u001b[39m\n        \u001b[33mclass\u001b[39m=\u001b[32m\"flex flex-col h-full bg-background/20\"\u001b[39m\n      \u001b[36m>\u001b[39m\n        \u001b[36m<div\u001b[39m\n          \u001b[33mclass\u001b[39m=\u001b[32m\"p-8 relative overflow-hidden group\"\u001b[39m\n        \u001b[36m>\u001b[39m\n          \u001b[36m<div\u001b[39m\n            \u001b[33mclass\u001b[39m=\u001b[32m\"absolute top-0 right-0 w-16 h-16 bg-primary/5 rounded-full blur-2xl group-hover:bg-primary/10 transition-colors\"\u001b[39m\n          \u001b[36m/>\u001b[39m\n          \u001b[36m<div\u001b[39m\n            \u001b[33mclass\u001b[39m=\u001b[32m\"flex items-center gap-4 overflow-hidden relative z-10\"\u001b[39m\n          \u001b[36m>\u001b[39m\n            \u001b[36m<div\u001b[39m\n              \u001b[33mclass\u001b[39m=\u001b[32m\"h-12 w-12 shrink-0 rounded-2xl bg-primary flex items-center justify-center text-white shadow-xl shadow-primary/30\"\u001b[39m\n            \u001b[36m>\u001b[39m\n              \u001b[36m<svg\u001b[39m\n                \u001b[33maria-hidden\u001b[39m=\u001b[32m\"true\"\u001b[39m\n                \u001b[33mclass\u001b[39m=\u001b[32m\"lucide lucide-briefcase\"\u001b[39m\n                \u001b[33mfill\u001b[39m=\u001b[32m\"none\"\u001b[39m\n                \u001b[33mheight\u001b[39m=\u001b[32m\"24\"\u001b[39m\n                \u001b[33mstroke\u001b[39m=\u001b[32m\"currentColor\"\u001b[39m\n                \u001b[33mstroke-linecap\u001b[39m=\u001b[32m\"round\"\u001b[39m\n                \u001b[33mstroke-linejoin\u001b[39m=\u001b[32m\"round\"\u001b[39m\n                \u001b[33mstroke-width\u001b[39m=\u001b[32m\"2\"\u001b[39m\n                \u001b[33mviewBox\u001b[39m=\u001b[32m\"0 0 24 24\"\u001b[39m\n                \u001b[33mwidth\u001b[39m=\u001b[32m\"24\"\u001b[39m\n                \u001b[33mxmlns\u001b[39m=\u001b[32m\"http://www.w3.org/2000/svg\"\u001b[39m\n              \u001b[36m>\u001b[39m\n                \u001b[36m<path\u001b[39m\n                  \u001b[33md\u001b[39m=\u001b[32m\"M16 20V4a2 2 0 0 0-2-2h-4a2 2 0 0 0-2 2v16\"\u001b[39m\n                \u001b[36m/>\u001b[39m\n                \u001b[36m<rect\u001b[39m\n                  \u001b[33mheight\u001b[39m=\u001b[32m\"14\"\u001b[39m\n                  \u001b[33mrx\u001b[39m=\u001b[32m\"2\"\u001b[39m\n                  \u001b[33mwidth\u001b[39m=\u001b[32m\"20\"\u001b[39m\n                  \u001b[33mx\u001b[39m=\u001b[32m\"2\"\u001b[39m\n                  \u001b[33my\u001b[39m=\u001b[32m\"6\"\u001b[39m\n                \u001b[36m/>\u001b[39m\n              \u001b[36m</svg>\u001b[39m\n            \u001b[36m</div>\u001b[39m\n            \u001b[36m<div\u001b[39m\n              \u001b[33mclass\u001b[39m=\u001b[32m\"overflow-hidden\"\u001b[39m\n            \u001b[36m>\u001b[39m\n              \u001b[36m<h1\u001b[39m\n                \u001b[33mclass\u001b[39m=\u001b[32m\"text-xl font-black tracking-tighter truncate\"\u001b[39m\n              \u001b[36m>\u001b[39m\n                \u001b[0mWorker_3\u001b[0m\n              \u001b[36m</h1>\u001b[39m\n              \u001b[36m<span\u001b[39m\n                \u001b[33mclass\u001b[39m=\u001b[32m\"text-[10px] font-bold text-muted-foreground uppercase tracking-widest block truncate opacity-60\"\u001b[39m\n              \u001b[36m>\u001b[39m\n                \u001b[0mWorkspace\u001b[0m\n              \u001b[36m</span>\u001b[39m\n            \u001b[36m</div>\u001b[39m\n          \u001b[36m</div>\u001b[39m\n          \u001b[36m<div\u001b[39m\n            \u001b[33mclass\u001b[39m=\u001b[32m\"mt-8\"\u001b[39m\n          \u001b[36m>\u001b[39m\n            \u001b[36m<div\u001b[39m\n              \u001b[33mclass\u001b[39m=\u001b[32m\"flex items-center gap-1 p-1 bg-white/5 rounded-xl border border-white/10 w-fit\"\u001b[39m\n            \u001b[36m>\u001b[39m\n              \u001b[36m<button\u001b[39m\n                \u001b[33mclass\u001b[39m=\u001b[32m\"px-3 py-1.5 rounded-lg text-xs font-bold transition-all uppercase tracking-wider bg-primary text-white shadow-lg shadow-primary/20\"\u001b[39m\n              \u001b[36m>\u001b[39m\n                \u001b[0men\u001b[0m\n              \u001b[36m</button>\u001b[39m\n              \u001b[36m<button\u001b[39m\n                \u001b[33mclass\u001b[39m=\u001b[32m\"px-3 py-1.5 rounded-lg text-xs font-bold transition-all uppercase tracking-wider text-muted-foreground hover:text-foreground hover:bg-white/5\"\u001b[39m\n              \u001b[36m>\u001b[39m\n                \u001b[0mid\u001b[0m\n              \u001b[36m</button>\u001b[39m\n            \u001b[36m</div>\u001b[39m\n          \u001b[36m</div>\u001b[39m\n        \u001b[36m</div>\u001b[39m\n        \u001b[36m<nav\u001b[39m\n          \u001b[33mclass\u001b[39m=\u001b[32m\"flex-1 px-4 space-y-1.5 mt-4 overflow-y-auto no-scrollbar\"\u001b[39m\n        \u001b[36m>\u001b[39m\n          \u001b[36m<a\u001b[39m\n            \u001b[33mhref\u001b[39m=\u001b[32m\"/\"\u001b[39m\n          \u001b[36m>\u001b[39m\n            \u001b[36m<div\u001b[39m\n              \u001b[33mclass\u001b[39m=\u001b[32m\"absolute inset-0 bg-primary/5 -z-10\"\u001b[39m\n              \u001b[33mlayoutid\u001b[39m=\u001b[32m\"active-nav-glow\"\u001b[39m\n            \u001b[36m/>\u001b[39m\n            \u001b[36m<svg\u001b[39m\n              \u001b[33maria-hidden\u001b[39m=\u001b[32m\"true\"\u001b[39m\n              \u001b[33mclass\u001b[39m=\u001b[32m\"lucide lucide-layout-dashboard transition-all group-hover:scale-110 group-hover:rotate-3 text-primary drop-shadow-[0_0_8px_rgba(var(--primary),0.5)]\"\u001b[39m\n              \u001b[33mfill\u001b[39m=\u001b[32m\"none\"\u001b[39m\n              \u001b[33mheight\u001b[39m=\u001b[32m\"20\"\u001b[39m\n              \u001b[33mstroke\u001b[39m=\u001b[32m\"currentColor\"\u001b[39m\n              \u001b[33mstroke-linecap\u001b[39m=\u001b[32m\"round\"\u001b[39m\n              \u001b[33mstroke-linejoin\u001b[39m=\u001b[32m\"round\"\u001b[39m\n              \u001b[33mstroke-width\u001b[39m=\u001b[32m\"2\"\u001b[39m\n              \u001b[33mviewBox\u001b[39m=\u001b[32m\"0 0 24 24\"\u001b[39m\n              \u001b[33mwidth\u001b[39m=\u001b[32m\"20\"\u001b[39m\n              \u001b[33mxmlns\u001b[39m=\u001b[32m\"http://www.w3.org/2000/svg\"\u001b[39m\n            \u001b[36m>\u001b[39m\n              \u001b[36m<rect\u001b[39m\n                \u001b[33mheight\u001b[39m=\u001b[32m\"9\"\u001b[39m\n                \u001b[33mrx\u001b[39m=\u001b[32m\"1\"\u001b[39m\n                \u001b[33mwidth\u001b[39m=\u001b[32m\"7\"\u001b[39m\n                \u001b[33mx\u001b[39m=\u001b[32m\"3\"\u001b[39m\n                \u001b[33my\u001b[39m=\u001b[32m\"3\"\u001b[39m\n              \u001b[36m/>\u001b[39m\n              \u001b[36m<rect\u001b[39m\n                \u001b[33mheight\u001b[39m=\u001b[32m\"5\"\u001b[39m\n                \u001b[33mrx\u001b[39m=\u001b[32m\"1\"\u001b[39m\n                \u001b[33mwidth\u001b[39m=\u001b[32m\"7\"\u001b[39m\n                \u001b[33mx\u001b[39m=\u001b[32m\"14\"\u001b[39m\n                \u001b[33my\u001b[39m=\u001b[32m\"3\"\u001b[39m\n              \u001b[36m/>\u001b[39m\n              \u001b[36m<rect\u001b[39m\n                \u001b[33mheight\u001b[39m=\u001b[32m\"9\"\u001b[39m\n                \u001b[33mrx\u001b[39m=\u001b[32m\"1\"\u001b[39m\n                \u001b[33mwidth\u001b[39m=\u001b[32m\"7\"\u001b[39m\n                \u001b[33mx\u001b[39m=\u001b[32m\"14\"\u001b[39m\n                \u001b[33my\u001b[39m=\u001b[32m\"12\"\u001b[39m\n              \u001b[36m/>\u001b[39m\n              \u001b[36m<rect\u001b[39m\n                \u001b[33mheight\u001b[39m=\u001b[32m\"5\"\u001b[39m\n                \u001b[33mrx\u001b[39m=\u001b[32m\"1\"\u001b[39m\n                \u001b[33mwidth\u001b[39m=\u001b[32m\"7\"\u001b[39m\n                \u001b[33mx\u001b[39m=\u001b[32m\"3\"\u001b[39m\n                \u001b[33my\u001b[39m=\u001b[32m\"16\"\u001b[39m\n              \u001b[36m/>\u001b[39m\n            \u001b[36m</svg>\u001b[39m\n            \u001b[36m<span\u001b[39m\n              \u001b[33mclass\u001b[39m=\u001b[32m\"flex-1 text-sm tracking-tight\"\u001b[39m\n            \u001b[36m>\u001b[39m\n              \u001b[0moverview\u001b[0m\n            \u001b[36m</span>\u001b[39m\n            \u001b[36m<svg\u001b[39m\n              \u001b[33maria-hidden\u001b[39m=\u001b[32m\"true\"\u001b[39m\n              \u001b[33mclass\u001b[39m=\u001b[32m\"lucide lucide-chevron-right ml-auto transition-all opacity-60 translate-x-0\"\u001b[39m\n              \u001b[33mfill\u001b[39m=\u001b[32m\"none\"\u001b[39m\n              \u001b[33mheight\u001b[39m=\u001b[32m\"14\"\u001b[39m\n              \u001b[33mstroke\u001b[39m=\u001b[32m\"currentColor\"\u001b[39m\n              \u001b[33mstroke-linecap\u001b[39m=\u001b[32m\"round\"\u001b[39m\n              \u001b[33mstroke-linejoin\u001b[39m=\u001b[32m\"round\"\u001b[39m\n              \u001b[33mstroke-width\u001b[39m=\u001b[32m\"2\"\u001b[39m\n              \u001b[33mviewBox\u001b[39m=\u001b[32m\"0 0 24 24\"\u001b[39m\n              \u001b[33mwidth\u001b[39m=\u001b[32m\"14\"\u001b[39m\n              \u001b[33mxmlns\u001b[39m=\u001b[32m\"http://www.w3.org/2000/svg\"\u001b[39m\n            \u001b[36m>\u001b[39m\n              ...\n    at Proxy.waitForWrapper (/home/afdhal/data/hr/hrms/frontend/node_modules/@testing-library/dom/dist/wait-for.js:163:27)\n    at /home/afdhal/data/hr/hrms/frontend/src/__tests__/Sidebar.test.tsx:65:11\n    at file:///home/afdhal/data/hr/hrms/frontend/node_modules/@vitest/runner/dist/chunk-artifact.js:302:11\n    at file:///home/afdhal/data/hr/hrms/frontend/node_modules/@vitest/runner/dist/chunk-artifact.js:1893:26\n    at file:///home/afdhal/data/hr/hrms/frontend/node_modules/@vitest/runner/dist/chunk-artifact.js:2316:20\n    at new Promise (<anonymous>)\n    at runWithCancel (file:///home/afdhal/data/hr/hrms/frontend/node_modules/@vitest/runner/dist/chunk-artifact.js:2313:10)\n    at file:///home/afdhal/data/hr/hrms/frontend/node_modules/@vitest/runner/dist/chunk-artifact.js:2295:20\n    at new Promise (<anonymous>)\n    at runWithTimeout (file:///home/afdhal/data/hr/hrms/frontend/node_modules/@vitest/runner/dist/chunk-artifact.js:2262:10)","Error: Unable to find an element with the text: /admin@(worker_\\d+|company1)\\.com/i. This could be because the text is broken up by multiple elements. In this case, you can provide a function for your text matcher to make your matcher more flexible.\n\nIgnored nodes: comments, script, style\n\u001b[36m<body>\u001b[39m\n  \u001b[36m<div>\u001b[39m\n    \u001b[36m<aside\u001b[39m\n      \u001b[33mclass\u001b[39m=\u001b[32m\"fixed left-0 top-0 z-40 h-screen w-64 glass-nav border-r border-white/10 transition-transform backdrop-blur-[20px] shadow-2xl\"\u001b[39m\n    \u001b[36m>\u001b[39m\n      \u001b[36m<div\u001b[39m\n        \u001b[33mclass\u001b[39m=\u001b[32m\"flex flex-col h-full bg-background/20\"\u001b[39m\n      \u001b[36m>\u001b[39m\n        \u001b[36m<div\u001b[39m\n          \u001b[33mclass\u001b[39m=\u001b[32m\"p-8 relative overflow-hidden group\"\u001b[39m\n        \u001b[36m>\u001b[39m\n          \u001b[36m<div\u001b[39m\n            \u001b[33mclass\u001b[39m=\u001b[32m\"absolute top-0 right-0 w-16 h-16 bg-primary/5 rounded-full blur-2xl group-hover:bg-primary/10 transition-colors\"\u001b[39m\n          \u001b[36m/>\u001b[39m\n          \u001b[36m<div\u001b[39m\n            \u001b[33mclass\u001b[39m=\u001b[32m\"flex items-center gap-4 overflow-hidden relative z-10\"\u001b[39m\n          \u001b[36m>\u001b[39m\n            \u001b[36m<div\u001b[39m\n              \u001b[33mclass\u001b[39m=\u001b[32m\"h-12 w-12 shrink-0 rounded-2xl bg-primary flex items-center justify-center text-white shadow-xl shadow-primary/30\"\u001b[39m\n            \u001b[36m>\u001b[39m\n              \u001b[36m<svg\u001b[39m\n                \u001b[33maria-hidden\u001b[39m=\u001b[32m\"true\"\u001b[39m\n                \u001b[33mclass\u001b[39m=\u001b[32m\"lucide lucide-briefcase\"\u001b[39m\n                \u001b[33mfill\u001b[39m=\u001b[32m\"none\"\u001b[39m\n                \u001b[33mheight\u001b[39m=\u001b[32m\"24\"\u001b[39m\n                \u001b[33mstroke\u001b[39m=\u001b[32m\"currentColor\"\u001b[39m\n                \u001b[33mstroke-linecap\u001b[39m=\u001b[32m\"round\"\u001b[39m\n                \u001b[33mstroke-linejoin\u001b[39m=\u001b[32m\"round\"\u001b[39m\n                \u001b[33mstroke-width\u001b[39m=\u001b[32m\"2\"\u001b[39m\n                \u001b[33mviewBox\u001b[39m=\u001b[32m\"0 0 24 24\"\u001b[39m\n                \u001b[33mwidth\u001b[39m=\u001b[32m\"24\"\u001b[39m\n                \u001b[33mxmlns\u001b[39m=\u001b[32m\"http://www.w3.org/2000/svg\"\u001b[39m\n              \u001b[36m>\u001b[39m\n                \u001b[36m<path\u001b[39m\n                  \u001b[33md\u001b[39m=\u001b[32m\"M16 20V4a2 2 0 0 0-2-2h-4a2 2 0 0 0-2 2v16\"\u001b[39m\n                \u001b[36m/>\u001b[39m\n                \u001b[36m<rect\u001b[39m\n                  \u001b[33mheight\u001b[39m=\u001b[32m\"14\"\u001b[39m\n                  \u001b[33mrx\u001b[39m=\u001b[32m\"2\"\u001b[39m\n                  \u001b[33mwidth\u001b[39m=\u001b[32m\"20\"\u001b[39m\n                  \u001b[33mx\u001b[39m=\u001b[32m\"2\"\u001b[39m\n                  \u001b[33my\u001b[39m=\u001b[32m\"6\"\u001b[39m\n                \u001b[36m/>\u001b[39m\n              \u001b[36m</svg>\u001b[39m\n            \u001b[36m</div>\u001b[39m\n            \u001b[36m<div\u001b[39m\n              \u001b[33mclass\u001b[39m=\u001b[32m\"overflow-hidden\"\u001b[39m\n            \u001b[36m>\u001b[39m\n              \u001b[36m<h1\u001b[39m\n                \u001b[33mclass\u001b[39m=\u001b[32m\"text-xl font-black tracking-tighter truncate\"\u001b[39m\n              \u001b[36m>\u001b[39m\n                \u001b[0mWorker_3\u001b[0m\n              \u001b[36m</h1>\u001b[39m\n              \u001b[36m<span\u001b[39m\n                \u001b[33mclass\u001b[39m=\u001b[32m\"text-[10px] font-bold text-muted-foreground uppercase tracking-widest block truncate opacity-60\"\u001b[39m\n              \u001b[36m>\u001b[39m\n                \u001b[0mWorkspace\u001b[0m\n              \u001b[36m</span>\u001b[39m\n            \u001b[36m</div>\u001b[39m\n          \u001b[36m</div>\u001b[39m\n          \u001b[36m<div\u001b[39m\n            \u001b[33mclass\u001b[39m=\u001b[32m\"mt-8\"\u001b[39m\n          \u001b[36m>\u001b[39m\n            \u001b[36m<div\u001b[39m\n              \u001b[33mclass\u001b[39m=\u001b[32m\"flex items-center gap-1 p-1 bg-white/5 rounded-xl border border-white/10 w-fit\"\u001b[39m\n            \u001b[36m>\u001b[39m\n              \u001b[36m<button\u001b[39m\n                \u001b[33mclass\u001b[39m=\u001b[32m\"px-3 py-1.5 rounded-lg text-xs font-bold transition-all uppercase tracking-wider bg-primary text-white shadow-lg shadow-primary/20\"\u001b[39m\n              \u001b[36m>\u001b[39m\n                \u001b[0men\u001b[0m\n              \u001b[36m</button>\u001b[39m\n              \u001b[36m<button\u001b[39m\n                \u001b[33mclass\u001b[39m=\u001b[32m\"px-3 py-1.5 rounded-lg text-xs font-bold transition-all uppercase tracking-wider text-muted-foreground hover:text-foreground hover:bg-white/5\"\u001b[39m\n              \u001b[36m>\u001b[39m\n                \u001b[0mid\u001b[0m\n              \u001b[36m</button>\u001b[39m\n            \u001b[36m</div>\u001b[39m\n          \u001b[36m</div>\u001b[39m\n        \u001b[36m</div>\u001b[39m\n        \u001b[36m<nav\u001b[39m\n          \u001b[33mclass\u001b[39m=\u001b[32m\"flex-1 px-4 space-y-1.5 mt-4 overflow-y-auto no-scrollbar\"\u001b[39m\n        \u001b[36m>\u001b[39m\n          \u001b[36m<a\u001b[39m\n            \u001b[33mhref\u001b[39m=\u001b[32m\"/\"\u001b[39m\n          \u001b[36m>\u001b[39m\n            \u001b[36m<div\u001b[39m\n              \u001b[33mclass\u001b[39m=\u001b[32m\"absolute inset-0 bg-primary/5 -z-10\"\u001b[39m\n              \u001b[33mlayoutid\u001b[39m=\u001b[32m\"active-nav-glow\"\u001b[39m\n            \u001b[36m/>\u001b[39m\n            \u001b[36m<svg\u001b[39m\n              \u001b[33maria-hidden\u001b[39m=\u001b[32m\"true\"\u001b[39m\n              \u001b[33mclass\u001b[39m=\u001b[32m\"lucide lucide-layout-dashboard transition-all group-hover:scale-110 group-hover:rotate-3 text-primary drop-shadow-[0_0_8px_rgba(var(--primary),0.5)]\"\u001b[39m\n              \u001b[33mfill\u001b[39m=\u001b[32m\"none\"\u001b[39m\n              \u001b[33mheight\u001b[39m=\u001b[32m\"20\"\u001b[39m\n              \u001b[33mstroke\u001b[39m=\u001b[32m\"currentColor\"\u001b[39m\n              \u001b[33mstroke-linecap\u001b[39m=\u001b[32m\"round\"\u001b[39m\n              \u001b[33mstroke-linejoin\u001b[39m=\u001b[32m\"round\"\u001b[39m\n              \u001b[33mstroke-width\u001b[39m=\u001b[32m\"2\"\u001b[39m\n              \u001b[33mviewBox\u001b[39m=\u001b[32m\"0 0 24 24\"\u001b[39m\n              \u001b[33mwidth\u001b[39m=\u001b[32m\"20\"\u001b[39m\n              \u001b[33mxmlns\u001b[39m=\u001b[32m\"http://www.w3.org/2000/svg\"\u001b[39m\n            \u001b[36m>\u001b[39m\n              \u001b[36m<rect\u001b[39m\n                \u001b[33mheight\u001b[39m=\u001b[32m\"9\"\u001b[39m\n                \u001b[33mrx\u001b[39m=\u001b[32m\"1\"\u001b[39m\n                \u001b[33mwidth\u001b[39m=\u001b[32m\"7\"\u001b[39m\n                \u001b[33mx\u001b[39m=\u001b[32m\"3\"\u001b[39m\n                \u001b[33my\u001b[39m=\u001b[32m\"3\"\u001b[39m\n              \u001b[36m/>\u001b[39m\n              \u001b[36m<rect\u001b[39m\n                \u001b[33mheight\u001b[39m=\u001b[32m\"5\"\u001b[39m\n                \u001b[33mrx\u001b[39m=\u001b[32m\"1\"\u001b[39m\n                \u001b[33mwidth\u001b[39m=\u001b[32m\"7\"\u001b[39m\n                \u001b[33mx\u001b[39m=\u001b[32m\"14\"\u001b[39m\n                \u001b[33my\u001b[39m=\u001b[32m\"3\"\u001b[39m\n              \u001b[36m/>\u001b[39m\n              \u001b[36m<rect\u001b[39m\n                \u001b[33mheight\u001b[39m=\u001b[32m\"9\"\u001b[39m\n                \u001b[33mrx\u001b[39m=\u001b[32m\"1\"\u001b[39m\n                \u001b[33mwidth\u001b[39m=\u001b[32m\"7\"\u001b[39m\n                \u001b[33mx\u001b[39m=\u001b[32m\"14\"\u001b[39m\n                \u001b[33my\u001b[39m=\u001b[32m\"12\"\u001b[39m\n              \u001b[36m/>\u001b[39m\n              \u001b[36m<rect\u001b[39m\n                \u001b[33mheight\u001b[39m=\u001b[32m\"5\"\u001b[39m\n                \u001b[33mrx\u001b[39m=\u001b[32m\"1\"\u001b[39m\n                \u001b[33mwidth\u001b[39m=\u001b[32m\"7\"\u001b[39m\n                \u001b[33mx\u001b[39m=\u001b[32m\"3\"\u001b[39m\n                \u001b[33my\u001b[39m=\u001b[32m\"16\"\u001b[39m\n              \u001b[36m/>\u001b[39m\n            \u001b[36m</svg>\u001b[39m\n            \u001b[36m<span\u001b[39m\n              \u001b[33mclass\u001b[39m=\u001b[32m\"flex-1 text-sm tracking-tight\"\u001b[39m\n            \u001b[36m>\u001b[39m\n              \u001b[0moverview\u001b[0m\n            \u001b[36m</span>\u001b[39m\n            \u001b[36m<svg\u001b[39m\n              \u001b[33maria-hidden\u001b[39m=\u001b[32m\"true\"\u001b[39m\n              \u001b[33mclass\u001b[39m=\u001b[32m\"lucide lucide-chevron-right ml-auto transition-all opacity-60 translate-x-0\"\u001b[39m\n              \u001b[33mfill\u001b[39m=\u001b[32m\"none\"\u001b[39m\n              \u001b[33mheight\u001b[39m=\u001b[32m\"14\"\u001b[39m\n              \u001b[33mstroke\u001b[39m=\u001b[32m\"currentColor\"\u001b[39m\n              \u001b[33mstroke-linecap\u001b[39m=\u001b[32m\"round\"\u001b[39m\n              \u001b[33mstroke-linejoin\u001b[39m=\u001b[32m\"round\"\u001b[39m\n              \u001b[33mstroke-width\u001b[39m=\u001b[32m\"2\"\u001b[39m\n              \u001b[33mviewBox\u001b[39m=\u001b[32m\"0 0 24 24\"\u001b[39m\n              \u001b[33mwidth\u001b[39m=\u001b[32m\"14\"\u001b[39m\n              \u001b[33mxmlns\u001b[39m=\u001b[32m\"http://www.w3.org/2000/svg\"\u001b[39m\n            \u001b[36m>\u001b[39m\n              ...\n    at Proxy.waitForWrapper (/home/afdhal/data/hr/hrms/frontend/node_modules/@testing-library/dom/dist/wait-for.js:163:27)\n    at /home/afdhal/data/hr/hrms/frontend/src/__tests__/Sidebar.test.tsx:65:11\n    at file:///home/afdhal/data/hr/hrms/frontend/node_modules/@vitest/runner/dist/chunk-artifact.js:302:11\n    at file:///home/afdhal/data/hr/hrms/frontend/node_modules/@vitest/runner/dist/chunk-artifact.js:1893:26\n    at file:///home/afdhal/data/hr/hrms/frontend/node_modules/@vitest/runner/dist/chunk-artifact.js:2316:20\n    at new Promise (<anonymous>)\n    at runWithCancel (file:///home/afdhal/data/hr/hrms/frontend/node_modules/@vitest/runner/dist/chunk-artifact.js:2313:10)\n    at file:///home/afdhal/data/hr/hrms/frontend/node_modules/@vitest/runner/dist/chunk-artifact.js:2295:20\n    at new Promise (<anonymous>)\n    at runWithTimeout (file:///home/afdhal/data/hr/hrms/frontend/node_modules/@vitest/runner/dist/chunk-artifact.js:2262:10)"],"meta":{},"tags":[]}],"startTime":1778470779659,"endTime":1778470819789.6821,"status":"failed","message":"","name":"/home/afdhal/data/hr/hrms/frontend/src/__tests__/Sidebar.test.tsx"},{"assertionResults":[{"ancestorTitles":["RegistrationsPage Component"],"fullName":"RegistrationsPage Component renders registration requests list","status":"passed","title":"renders registration requests list","duration":82.94811099999993,"failureMessages":[],"meta":{},"tags":[]},{"ancestorTitles":["RegistrationsPage Component"],"fullName":"RegistrationsPage Component calls approval API when Approve button is clicked","status":"passed","title":"calls approval API when Approve button is clicked","duration":44.20172000000002,"failureMessages":[],"meta":{},"tags":[]},{"ancestorTitles":["RegistrationsPage Component"],"fullName":"RegistrationsPage Component calls rejection API when Reject button is clicked","status":"passed","title":"calls rejection API when Reject button is clicked","duration":31.26462800000013,"failureMessages":[],"meta":{},"tags":[]},{"ancestorTitles":["RegistrationsPage Component"],"fullName":"RegistrationsPage Component updates status in UI after Approve click and refresh","status":"passed","title":"updates status in UI after Approve click and refresh","duration":39.022335999999996,"failureMessages":[],"meta":{},"tags":[]}],"startTime":1778470828157,"endTime":1778470828354.0222,"status":"passed","message":"","name":"/home/afdhal/data/hr/hrms/frontend/src/__tests__/admin_registrations.test.tsx"},{"assertionResults":[{"ancestorTitles":["AnalyticsPage"],"fullName":"AnalyticsPage renders loading state initially","status":"passed","title":"renders loading state initially","duration":68.86262600000009,"failureMessages":[],"meta":{},"tags":[]},{"ancestorTitles":["AnalyticsPage"],"fullName":"AnalyticsPage renders dashboard metrics successfully","status":"passed","title":"renders dashboard metrics successfully","duration":65.17421100000001,"failureMessages":[],"meta":{},"tags":[]},{"ancestorTitles":["AnalyticsPage"],"fullName":"AnalyticsPage handles API error gracefully","status":"passed","title":"handles API error gracefully","duration":28.898568999999952,"failureMessages":[],"meta":{},"tags":[]},{"ancestorTitles":["AnalyticsPage"],"fullName":"AnalyticsPage calls export functions correctly","status":"passed","title":"calls export functions correctly","duration":139.7543230000001,"failureMessages":[],"meta":{},"tags":[]}],"startTime":1778470827920,"endTime":1778470828222.7544,"status":"passed","message":"","name":"/home/afdhal/data/hr/hrms/frontend/src/__tests__/analytics.test.tsx"},{"assertionResults":[{"ancestorTitles":["getBaseUrl"],"fullName":"getBaseUrl returns local backend URL when hostname is localhost","status":"passed","title":"returns local backend URL when hostname is localhost","duration":2.7547799999999825,"failureMessages":[],"meta":{},"tags":[]},{"ancestorTitles":["getBaseUrl"],"fullName":"getBaseUrl supports custom NEXT_PUBLIC_API_PORT","status":"passed","title":"supports custom NEXT_PUBLIC_API_PORT","duration":0.8597879999999805,"failureMessages":[],"meta":{},"tags":[]},{"ancestorTitles":["getBaseUrl"],"fullName":"getBaseUrl returns production URL with https for non-localhost","status":"passed","title":"returns production URL with https for non-localhost","duration":0.5791279999998551,"failureMessages":[],"meta":{},"tags":[]},{"ancestorTitles":["getBaseUrl"],"fullName":"getBaseUrl supports fallback NEXT_PUBLIC_API_URL when window is undefined","status":"passed","title":"supports fallback NEXT_PUBLIC_API_URL when window is undefined","duration":0.6253879999999299,"failureMessages":[],"meta":{},"tags":[]},{"ancestorTitles":["apiFetch"],"fullName":"apiFetch calls fetch with correct URL and headers","status":"passed","title":"calls fetch with correct URL and headers","duration":5.263868999999886,"failureMessages":[],"meta":{},"tags":[]},{"ancestorTitles":["apiFetch"],"fullName":"apiFetch omits Content-Type header when body is FormData","status":"passed","title":"omits Content-Type header when body is FormData","duration":2.2252260000000206,"failureMessages":[],"meta":{},"tags":[]},{"ancestorTitles":["apiFetch"],"fullName":"apiFetch throws error when response is not ok","status":"passed","title":"throws error when response is not ok","duration":2.970627999999806,"failureMessages":[],"meta":{},"tags":[]},{"ancestorTitles":["apiFetch"],"fullName":"apiFetch falls back to statusText if json error detail is missing","status":"passed","title":"falls back to statusText if json error detail is missing","duration":0.8939100000000053,"failureMessages":[],"meta":{},"tags":[]},{"ancestorTitles":["apiFetch"],"fullName":"apiFetch handles empty response body","status":"passed","title":"handles empty response body","duration":0.920989999999847,"failureMessages":[],"meta":{},"tags":[]},{"ancestorTitles":["apiFetch"],"fullName":"apiFetch handles 204 No Content","status":"passed","title":"handles 204 No Content","duration":0.611372000000074,"failureMessages":[],"meta":{},"tags":[]},{"ancestorTitles":["apiFetch"],"fullName":"apiFetch includes custom headers","status":"passed","title":"includes custom headers","duration":0.8964370000001054,"failureMessages":[],"meta":{},"tags":[]},{"ancestorTitles":["apiFetch"],"fullName":"apiFetch supports GET with query params","status":"passed","title":"supports GET with query params","duration":0.7958189999999377,"failureMessages":[],"meta":{},"tags":[]},{"ancestorTitles":["apiFetch"],"fullName":"apiFetch verifies GET consistency","status":"passed","title":"verifies GET consistency","duration":0.9705890000000181,"failureMessages":[],"meta":{},"tags":[]},{"ancestorTitles":["apiFetch"],"fullName":"apiFetch verifies POST consistency","status":"passed","title":"verifies POST consistency","duration":0.5339269999999487,"failureMessages":[],"meta":{},"tags":[]},{"ancestorTitles":["apiFetch"],"fullName":"apiFetch verifies PUT consistency","status":"passed","title":"verifies PUT consistency","duration":0.4435909999999694,"failureMessages":[],"meta":{},"tags":[]},{"ancestorTitles":["apiFetch"],"fullName":"apiFetch verifies DELETE consistency","status":"passed","title":"verifies DELETE consistency","duration":0.3684529999998176,"failureMessages":[],"meta":{},"tags":[]},{"ancestorTitles":["apiFetch"],"fullName":"apiFetch verifies PATCH consistency","status":"passed","title":"verifies PATCH consistency","duration":0.43932200000017474,"failureMessages":[],"meta":{},"tags":[]},{"ancestorTitles":["apiFetch"],"fullName":"apiFetch stable api check extended 0","status":"passed","title":"stable api check extended 0","duration":0.22026000000005297,"failureMessages":[],"meta":{},"tags":[]},{"ancestorTitles":["apiFetch"],"fullName":"apiFetch stable api check extended 1","status":"passed","title":"stable api check extended 1","duration":0.16251099999999497,"failureMessages":[],"meta":{},"tags":[]},{"ancestorTitles":["apiFetch"],"fullName":"apiFetch stable api check extended 2","status":"passed","title":"stable api check extended 2","duration":0.15363400000001093,"failureMessages":[],"meta":{},"tags":[]},{"ancestorTitles":["apiFetch"],"fullName":"apiFetch stable api check extended 3","status":"passed","title":"stable api check extended 3","duration":0.16825000000017099,"failureMessages":[],"meta":{},"tags":[]},{"ancestorTitles":["apiFetch"],"fullName":"apiFetch stable api check extended 4","status":"passed","title":"stable api check extended 4","duration":0.17319999999995161,"failureMessages":[],"meta":{},"tags":[]},{"ancestorTitles":["apiFetch"],"fullName":"apiFetch stable api check extended 5","status":"passed","title":"stable api check extended 5","duration":0.15495800000007875,"failureMessages":[],"meta":{},"tags":[]},{"ancestorTitles":["apiFetch"],"fullName":"apiFetch stable api check extended 6","status":"passed","title":"stable api check extended 6","duration":0.14787799999999152,"failureMessages":[],"meta":{},"tags":[]},{"ancestorTitles":["apiFetch"],"fullName":"apiFetch stable api check extended 7","status":"passed","title":"stable api check extended 7","duration":0.1450929999998607,"failureMessages":[],"meta":{},"tags":[]},{"ancestorTitles":["apiFetch"],"fullName":"apiFetch stable api check extended 8","status":"passed","title":"stable api check extended 8","duration":0.14468399999987014,"failureMessages":[],"meta":{},"tags":[]},{"ancestorTitles":["apiFetch"],"fullName":"apiFetch stable api check extended 9","status":"passed","title":"stable api check extended 9","duration":0.1446129999999357,"failureMessages":[],"meta":{},"tags":[]},{"ancestorTitles":["apiFetch"],"fullName":"apiFetch stable api check extended 10","status":"passed","title":"stable api check extended 10","duration":0.16871299999979783,"failureMessages":[],"meta":{},"tags":[]},{"ancestorTitles":["apiFetch"],"fullName":"apiFetch stable api check extended 11","status":"passed","title":"stable api check extended 11","duration":0.15228400000000875,"failureMessages":[],"meta":{},"tags":[]},{"ancestorTitles":["apiFetch"],"fullName":"apiFetch stable api check extended 12","status":"passed","title":"stable api check extended 12","duration":0.14522899999997207,"failureMessages":[],"meta":{},"tags":[]},{"ancestorTitles":["apiFetch"],"fullName":"apiFetch stable api check extended 13","status":"passed","title":"stable api check extended 13","duration":0.13994100000013532,"failureMessages":[],"meta":{},"tags":[]},{"ancestorTitles":["apiFetch"],"fullName":"apiFetch stable api check extended 14","status":"passed","title":"stable api check extended 14","duration":0.14065099999993436,"failureMessages":[],"meta":{},"tags":[]},{"ancestorTitles":["apiFetch"],"fullName":"apiFetch stable api check extended 15","status":"passed","title":"stable api check extended 15","duration":0.15698799999995572,"failureMessages":[],"meta":{},"tags":[]},{"ancestorTitles":["apiFetch"],"fullName":"apiFetch stable api check extended 16","status":"passed","title":"stable api check extended 16","duration":0.1471009999997932,"failureMessages":[],"meta":{},"tags":[]},{"ancestorTitles":["apiFetch"],"fullName":"apiFetch stable api check extended 17","status":"passed","title":"stable api check extended 17","duration":0.16038299999991068,"failureMessages":[],"meta":{},"tags":[]},{"ancestorTitles":["apiFetch"],"fullName":"apiFetch stable api check extended 18","status":"passed","title":"stable api check extended 18","duration":0.14067599999998492,"failureMessages":[],"meta":{},"tags":[]},{"ancestorTitles":["apiFetch"],"fullName":"apiFetch stable api check extended 19","status":"passed","title":"stable api check extended 19","duration":0.2110250000000633,"failureMessages":[],"meta":{},"tags":[]},{"ancestorTitles":["apiFetch"],"fullName":"apiFetch stable api check extended 20","status":"passed","title":"stable api check extended 20","duration":0.15436700000009296,"failureMessages":[],"meta":{},"tags":[]},{"ancestorTitles":["apiFetch"],"fullName":"apiFetch stable api check extended 21","status":"passed","title":"stable api check extended 21","duration":0.14063800000008086,"failureMessages":[],"meta":{},"tags":[]},{"ancestorTitles":["apiFetch"],"fullName":"apiFetch stable api check extended 22","status":"passed","title":"stable api check extended 22","duration":0.1400900000001002,"failureMessages":[],"meta":{},"tags":[]},{"ancestorTitles":["apiFetch"],"fullName":"apiFetch stable api check extended 23","status":"passed","title":"stable api check extended 23","duration":0.15494699999999284,"failureMessages":[],"meta":{},"tags":[]},{"ancestorTitles":["apiFetch"],"fullName":"apiFetch stable api check extended 24","status":"passed","title":"stable api check extended 24","duration":0.13924199999996745,"failureMessages":[],"meta":{},"tags":[]},{"ancestorTitles":["apiFetch"],"fullName":"apiFetch stable api check extended 25","status":"passed","title":"stable api check extended 25","duration":0.15475099999980557,"failureMessages":[],"meta":{},"tags":[]},{"ancestorTitles":["apiFetch"],"fullName":"apiFetch stable api check extended 26","status":"passed","title":"stable api check extended 26","duration":0.14271099999996295,"failureMessages":[],"meta":{},"tags":[]},{"ancestorTitles":["apiFetch"],"fullName":"apiFetch stable api check extended 27","status":"passed","title":"stable api check extended 27","duration":0.1425249999999778,"failureMessages":[],"meta":{},"tags":[]},{"ancestorTitles":["apiFetch"],"fullName":"apiFetch stable api check extended 28","status":"passed","title":"stable api check extended 28","duration":0.15759000000002743,"failureMessages":[],"meta":{},"tags":[]},{"ancestorTitles":["apiFetch"],"fullName":"apiFetch stable api check extended 29","status":"passed","title":"stable api check extended 29","duration":0.1600509999998394,"failureMessages":[],"meta":{},"tags":[]},{"ancestorTitles":["apiFetch"],"fullName":"apiFetch stable api check extended 30","status":"passed","title":"stable api check extended 30","duration":0.14666299999998955,"failureMessages":[],"meta":{},"tags":[]},{"ancestorTitles":["apiFetch"],"fullName":"apiFetch stable api check extended 31","status":"passed","title":"stable api check extended 31","duration":0.14186999999992622,"failureMessages":[],"meta":{},"tags":[]},{"ancestorTitles":["apiFetch"],"fullName":"apiFetch stable api check extended 32","status":"passed","title":"stable api check extended 32","duration":0.14928900000018075,"failureMessages":[],"meta":{},"tags":[]},{"ancestorTitles":["apiFetch"],"fullName":"apiFetch stable api check extended 33","status":"passed","title":"stable api check extended 33","duration":0.14325999999982741,"failureMessages":[],"meta":{},"tags":[]},{"ancestorTitles":["apiFetch"],"fullName":"apiFetch stable api check extended 34","status":"passed","title":"stable api check extended 34","duration":0.14445399999999609,"failureMessages":[],"meta":{},"tags":[]},{"ancestorTitles":["apiFetch"],"fullName":"apiFetch stable api check extended 35","status":"passed","title":"stable api check extended 35","duration":0.1430840000000444,"failureMessages":[],"meta":{},"tags":[]},{"ancestorTitles":["apiFetch"],"fullName":"apiFetch stable api check extended 36","status":"passed","title":"stable api check extended 36","duration":0.1599909999999909,"failureMessages":[],"meta":{},"tags":[]},{"ancestorTitles":["apiFetch"],"fullName":"apiFetch stable api check extended 37","status":"passed","title":"stable api check extended 37","duration":0.14403399999991962,"failureMessages":[],"meta":{},"tags":[]},{"ancestorTitles":["apiFetch"],"fullName":"apiFetch stable api check extended 38","status":"passed","title":"stable api check extended 38","duration":0.14275499999985186,"failureMessages":[],"meta":{},"tags":[]},{"ancestorTitles":["apiFetch"],"fullName":"apiFetch stable api check extended 39","status":"passed","title":"stable api check extended 39","duration":0.14326299999993353,"failureMessages":[],"meta":{},"tags":[]},{"ancestorTitles":["apiFetch"],"fullName":"apiFetch stable api check extended 40","status":"passed","title":"stable api check extended 40","duration":0.14191299999993134,"failureMessages":[],"meta":{},"tags":[]},{"ancestorTitles":["apiFetch"],"fullName":"apiFetch stable api check extended 41","status":"passed","title":"stable api check extended 41","duration":0.14792899999997644,"failureMessages":[],"meta":{},"tags":[]},{"ancestorTitles":["apiFetch"],"fullName":"apiFetch stable api check extended 42","status":"passed","title":"stable api check extended 42","duration":0.14335499999992862,"failureMessages":[],"meta":{},"tags":[]},{"ancestorTitles":["apiFetch"],"fullName":"apiFetch stable api check extended 43","status":"passed","title":"stable api check extended 43","duration":0.15089100000000144,"failureMessages":[],"meta":{},"tags":[]},{"ancestorTitles":["apiFetch"],"fullName":"apiFetch stable api check extended 44","status":"passed","title":"stable api check extended 44","duration":0.1928330000000642,"failureMessages":[],"meta":{},"tags":[]}],"startTime":1778470838348,"endTime":1778470838378.1929,"status":"passed","message":"","name":"/home/afdhal/data/hr/hrms/frontend/src/__tests__/api.test.ts"},{"assertionResults":[{"ancestorTitles":["lib/api"],"fullName":"lib/api getBaseUrl returns localhost url when host is localhost","status":"passed","title":"getBaseUrl returns localhost url when host is localhost","duration":2.520999999999958,"failureMessages":[],"meta":{},"tags":[]},{"ancestorTitles":["lib/api"],"fullName":"lib/api getBaseUrl uses https for project domain with no front-end ports","status":"passed","title":"getBaseUrl uses https for project domain with no front-end ports","duration":0.5983420000000024,"failureMessages":[],"meta":{},"tags":[]},{"ancestorTitles":["lib/api"],"fullName":"lib/api getBaseUrl uses http with api port for project domain on 3000","status":"passed","title":"getBaseUrl uses http with api port for project domain on 3000","duration":0.4264530000000377,"failureMessages":[],"meta":{},"tags":[]},{"ancestorTitles":["lib/api"],"fullName":"lib/api apiFetch sends Authorization and CSRF headers and returns json","status":"passed","title":"apiFetch sends Authorization and CSRF headers and returns json","duration":4.35052799999994,"failureMessages":[],"meta":{},"tags":[]},{"ancestorTitles":["lib/api"],"fullName":"lib/api apiFetch refreshes token on 401 and retries original request","status":"passed","title":"apiFetch refreshes token on 401 and retries original request","duration":1.1453509999998914,"failureMessages":[],"meta":{},"tags":[]},{"ancestorTitles":["lib/api"],"fullName":"lib/api apiFetch throws an error when response is not ok","status":"passed","title":"apiFetch throws an error when response is not ok","duration":1.9882280000001629,"failureMessages":[],"meta":{},"tags":[]},{"ancestorTitles":["lib/api"],"fullName":"lib/api apiDownload creates blob URL and revokes it","status":"passed","title":"apiDownload creates blob URL and revokes it","duration":3.246163999999908,"failureMessages":[],"meta":{},"tags":[]}],"startTime":1778470838553,"endTime":1778470838567.246,"status":"passed","message":"","name":"/home/afdhal/data/hr/hrms/frontend/src/__tests__/api.test.tsx"},{"assertionResults":[{"ancestorTitles":["ApiKeysPage (Integrated)"],"fullName":"ApiKeysPage (Integrated) shows key list from real backend","status":"failed","title":"shows key list from real backend","duration":30047.074164,"failureMessages":["Error: Unable to find an element with the text: /ERP Sync/i. This could be because the text is broken up by multiple elements. In this case, you can provide a function for your text matcher to make your matcher more flexible.\n\nIgnored nodes: comments, script, style\n\u001b[36m<body>\u001b[39m\n  \u001b[36m<div>\u001b[39m\n    \u001b[36m<div>\u001b[39m\n      \u001b[36m<div\u001b[39m\n        \u001b[33mclass\u001b[39m=\u001b[32m\"space-y-8\"\u001b[39m\n      \u001b[36m>\u001b[39m\n        \u001b[36m<div\u001b[39m\n          \u001b[33mclass\u001b[39m=\u001b[32m\"flex flex-col md:flex-row md:items-center justify-between gap-4\"\u001b[39m\n        \u001b[36m>\u001b[39m\n          \u001b[36m<div\u001b[39m\n            \u001b[33mclass\u001b[39m=\u001b[32m\"space-y-1\"\u001b[39m\n          \u001b[36m>\u001b[39m\n            \u001b[36m<h1\u001b[39m\n              \u001b[33mclass\u001b[39m=\u001b[32m\"text-3xl font-black tracking-tight text-white flex items-center gap-3\"\u001b[39m\n            \u001b[36m>\u001b[39m\n              \u001b[36m<svg\u001b[39m\n                \u001b[33maria-hidden\u001b[39m=\u001b[32m\"true\"\u001b[39m\n                \u001b[33mclass\u001b[39m=\u001b[32m\"lucide lucide-zap text-primary\"\u001b[39m\n                \u001b[33mfill\u001b[39m=\u001b[32m\"currentColor\"\u001b[39m\n                \u001b[33mheight\u001b[39m=\u001b[32m\"32\"\u001b[39m\n                \u001b[33mstroke\u001b[39m=\u001b[32m\"currentColor\"\u001b[39m\n                \u001b[33mstroke-linecap\u001b[39m=\u001b[32m\"round\"\u001b[39m\n                \u001b[33mstroke-linejoin\u001b[39m=\u001b[32m\"round\"\u001b[39m\n                \u001b[33mstroke-width\u001b[39m=\u001b[32m\"2\"\u001b[39m\n                \u001b[33mviewBox\u001b[39m=\u001b[32m\"0 0 24 24\"\u001b[39m\n                \u001b[33mwidth\u001b[39m=\u001b[32m\"32\"\u001b[39m\n                \u001b[33mxmlns\u001b[39m=\u001b[32m\"http://www.w3.org/2000/svg\"\u001b[39m\n              \u001b[36m>\u001b[39m\n                \u001b[36m<path\u001b[39m\n                  \u001b[33md\u001b[39m=\u001b[32m\"M4 14a1 1 0 0 1-.78-1.63l9.9-10.2a.5.5 0 0 1 .86.46l-1.92 6.02A1 1 0 0 0 13 10h7a1 1 0 0 1 .78 1.63l-9.9 10.2a.5.5 0 0 1-.86-.46l1.92-6.02A1 1 0 0 0 11 14z\"\u001b[39m\n                \u001b[36m/>\u001b[39m\n              \u001b[36m</svg>\u001b[39m\n              \u001b[0mtitle\u001b[0m\n            \u001b[36m</h1>\u001b[39m\n            \u001b[36m<p\u001b[39m\n              \u001b[33mclass\u001b[39m=\u001b[32m\"text-muted-foreground\"\u001b[39m\n            \u001b[36m>\u001b[39m\n              \u001b[0msubtitle\u001b[0m\n            \u001b[36m</p>\u001b[39m\n          \u001b[36m</div>\u001b[39m\n          \u001b[36m<button\u001b[39m\n            \u001b[33mclass\u001b[39m=\u001b[32m\"px-6 py-3 bg-primary text-white rounded-2xl font-bold shadow-lg shadow-primary/30 hover:scale-105 transition-all flex items-center gap-2\"\u001b[39m\n          \u001b[36m>\u001b[39m\n            \u001b[36m<svg\u001b[39m\n              \u001b[33maria-hidden\u001b[39m=\u001b[32m\"true\"\u001b[39m\n              \u001b[33mclass\u001b[39m=\u001b[32m\"lucide lucide-plus\"\u001b[39m\n              \u001b[33mfill\u001b[39m=\u001b[32m\"none\"\u001b[39m\n              \u001b[33mheight\u001b[39m=\u001b[32m\"20\"\u001b[39m\n              \u001b[33mstroke\u001b[39m=\u001b[32m\"currentColor\"\u001b[39m\n              \u001b[33mstroke-linecap\u001b[39m=\u001b[32m\"round\"\u001b[39m\n              \u001b[33mstroke-linejoin\u001b[39m=\u001b[32m\"round\"\u001b[39m\n              \u001b[33mstroke-width\u001b[39m=\u001b[32m\"2\"\u001b[39m\n              \u001b[33mviewBox\u001b[39m=\u001b[32m\"0 0 24 24\"\u001b[39m\n              \u001b[33mwidth\u001b[39m=\u001b[32m\"20\"\u001b[39m\n              \u001b[33mxmlns\u001b[39m=\u001b[32m\"http://www.w3.org/2000/svg\"\u001b[39m\n            \u001b[36m>\u001b[39m\n              \u001b[36m<path\u001b[39m\n                \u001b[33md\u001b[39m=\u001b[32m\"M5 12h14\"\u001b[39m\n              \u001b[36m/>\u001b[39m\n              \u001b[36m<path\u001b[39m\n                \u001b[33md\u001b[39m=\u001b[32m\"M12 5v14\"\u001b[39m\n              \u001b[36m/>\u001b[39m\n            \u001b[36m</svg>\u001b[39m\n            \u001b[0mnewKey\u001b[0m\n          \u001b[36m</button>\u001b[39m\n        \u001b[36m</div>\u001b[39m\n        \u001b[36m<div\u001b[39m\n          \u001b[33mclass\u001b[39m=\u001b[32m\"p-6 rounded-[24px] bg-gradient-to-r from-indigo-500/10 to-purple-500/10 border border-white/5 flex items-start gap-4\"\u001b[39m\n        \u001b[36m>\u001b[39m\n          \u001b[36m<div\u001b[39m\n            \u001b[33mclass\u001b[39m=\u001b[32m\"h-10 w-10 shrink-0 rounded-xl bg-indigo-500/20 flex items-center justify-center text-indigo-400\"\u001b[39m\n          \u001b[36m>\u001b[39m\n            \u001b[36m<svg\u001b[39m\n              \u001b[33maria-hidden\u001b[39m=\u001b[32m\"true\"\u001b[39m\n              \u001b[33mclass\u001b[39m=\u001b[32m\"lucide lucide-shield-check\"\u001b[39m\n              \u001b[33mfill\u001b[39m=\u001b[32m\"none\"\u001b[39m\n              \u001b[33mheight\u001b[39m=\u001b[32m\"24\"\u001b[39m\n              \u001b[33mstroke\u001b[39m=\u001b[32m\"currentColor\"\u001b[39m\n              \u001b[33mstroke-linecap\u001b[39m=\u001b[32m\"round\"\u001b[39m\n              \u001b[33mstroke-linejoin\u001b[39m=\u001b[32m\"round\"\u001b[39m\n              \u001b[33mstroke-width\u001b[39m=\u001b[32m\"2\"\u001b[39m\n              \u001b[33mviewBox\u001b[39m=\u001b[32m\"0 0 24 24\"\u001b[39m\n              \u001b[33mwidth\u001b[39m=\u001b[32m\"24\"\u001b[39m\n              \u001b[33mxmlns\u001b[39m=\u001b[32m\"http://www.w3.org/2000/svg\"\u001b[39m\n            \u001b[36m>\u001b[39m\n              \u001b[36m<path\u001b[39m\n                \u001b[33md\u001b[39m=\u001b[32m\"M20 13c0 5-3.5 7.5-7.66 8.95a1 1 0 0 1-.67-.01C7.5 20.5 4 18 4 13V6a1 1 0 0 1 1-1c2 0 4.5-1.2 6.24-2.72a1.17 1.17 0 0 1 1.52 0C14.51 3.81 17 5 19 5a1 1 0 0 1 1 1z\"\u001b[39m\n              \u001b[36m/>\u001b[39m\n              \u001b[36m<path\u001b[39m\n                \u001b[33md\u001b[39m=\u001b[32m\"m9 12 2 2 4-4\"\u001b[39m\n              \u001b[36m/>\u001b[39m\n            \u001b[36m</svg>\u001b[39m\n          \u001b[36m</div>\u001b[39m\n          \u001b[36m<div>\u001b[39m\n            \u001b[36m<h3\u001b[39m\n              \u001b[33mclass\u001b[39m=\u001b[32m\"text-sm font-bold text-white mb-1\"\u001b[39m\n            \u001b[36m>\u001b[39m\n              \u001b[0mDeveloper Integration\u001b[0m\n            \u001b[36m</h3>\u001b[39m\n            \u001b[36m<p\u001b[39m\n              \u001b[33mclass\u001b[39m=\u001b[32m\"text-xs text-gray-400 leading-relaxed max-w-2xl\"\u001b[39m\n            \u001b[36m>\u001b[39m\n              \u001b[0mUse these keys to integrate harikerja with your internal ERP, accounting software, or automation tools. API keys provide full administrative access to your workspace data.\u001b[0m\n            \u001b[36m</p>\u001b[39m\n          \u001b[36m</div>\u001b[39m\n        \u001b[36m</div>\u001b[39m\n        \u001b[36m<div\u001b[39m\n          \u001b[33mclass\u001b[39m=\u001b[32m\"grid grid-cols-1 md:grid-cols-2 xl:grid-cols-3 gap-6\"\u001b[39m\n        \u001b[36m>\u001b[39m\n          \u001b[36m<div\u001b[39m\n            \u001b[33mclass\u001b[39m=\u001b[32m\"h-48 glass-card rounded-3xl animate-pulse bg-white/5\"\u001b[39m\n          \u001b[36m/>\u001b[39m\n          \u001b[36m<div\u001b[39m\n            \u001b[33mclass\u001b[39m=\u001b[32m\"h-48 glass-card rounded-3xl animate-pulse bg-white/5\"\u001b[39m\n          \u001b[36m/>\u001b[39m\n        \u001b[36m</div>\u001b[39m\n      \u001b[36m</div>\u001b[39m\n    \u001b[36m</div>\u001b[39m\n  \u001b[36m</div>\u001b[39m\n\u001b[36m</body>\u001b[39m\n    at Proxy.waitForWrapper (/home/afdhal/data/hr/hrms/frontend/node_modules/@testing-library/dom/dist/wait-for.js:163:27)\n    at /home/afdhal/data/hr/hrms/frontend/src/__tests__/api_keys_page.test.tsx:59:11\n    at file:///home/afdhal/data/hr/hrms/frontend/node_modules/@vitest/runner/dist/chunk-artifact.js:302:11\n    at file:///home/afdhal/data/hr/hrms/frontend/node_modules/@vitest/runner/dist/chunk-artifact.js:1893:26\n    at file:///home/afdhal/data/hr/hrms/frontend/node_modules/@vitest/runner/dist/chunk-artifact.js:2316:20\n    at new Promise (<anonymous>)\n    at runWithCancel (file:///home/afdhal/data/hr/hrms/frontend/node_modules/@vitest/runner/dist/chunk-artifact.js:2313:10)\n    at file:///home/afdhal/data/hr/hrms/frontend/node_modules/@vitest/runner/dist/chunk-artifact.js:2295:20\n    at new Promise (<anonymous>)\n    at runWithTimeout (file:///home/afdhal/data/hr/hrms/frontend/node_modules/@vitest/runner/dist/chunk-artifact.js:2262:10)","Error: Unable to find an element with the text: /ERP Sync/i. This could be because the text is broken up by multiple elements. In this case, you can provide a function for your text matcher to make your matcher more flexible.\n\nIgnored nodes: comments, script, style\n\u001b[36m<body>\u001b[39m\n  \u001b[36m<div>\u001b[39m\n    \u001b[36m<div>\u001b[39m\n      \u001b[36m<div\u001b[39m\n        \u001b[33mclass\u001b[39m=\u001b[32m\"space-y-8\"\u001b[39m\n      \u001b[36m>\u001b[39m\n        \u001b[36m<div\u001b[39m\n          \u001b[33mclass\u001b[39m=\u001b[32m\"flex flex-col md:flex-row md:items-center justify-between gap-4\"\u001b[39m\n        \u001b[36m>\u001b[39m\n          \u001b[36m<div\u001b[39m\n            \u001b[33mclass\u001b[39m=\u001b[32m\"space-y-1\"\u001b[39m\n          \u001b[36m>\u001b[39m\n            \u001b[36m<h1\u001b[39m\n              \u001b[33mclass\u001b[39m=\u001b[32m\"text-3xl font-black tracking-tight text-white flex items-center gap-3\"\u001b[39m\n            \u001b[36m>\u001b[39m\n              \u001b[36m<svg\u001b[39m\n                \u001b[33maria-hidden\u001b[39m=\u001b[32m\"true\"\u001b[39m\n                \u001b[33mclass\u001b[39m=\u001b[32m\"lucide lucide-zap text-primary\"\u001b[39m\n                \u001b[33mfill\u001b[39m=\u001b[32m\"currentColor\"\u001b[39m\n                \u001b[33mheight\u001b[39m=\u001b[32m\"32\"\u001b[39m\n                \u001b[33mstroke\u001b[39m=\u001b[32m\"currentColor\"\u001b[39m\n                \u001b[33mstroke-linecap\u001b[39m=\u001b[32m\"round\"\u001b[39m\n                \u001b[33mstroke-linejoin\u001b[39m=\u001b[32m\"round\"\u001b[39m\n                \u001b[33mstroke-width\u001b[39m=\u001b[32m\"2\"\u001b[39m\n                \u001b[33mviewBox\u001b[39m=\u001b[32m\"0 0 24 24\"\u001b[39m\n                \u001b[33mwidth\u001b[39m=\u001b[32m\"32\"\u001b[39m\n                \u001b[33mxmlns\u001b[39m=\u001b[32m\"http://www.w3.org/2000/svg\"\u001b[39m\n              \u001b[36m>\u001b[39m\n                \u001b[36m<path\u001b[39m\n                  \u001b[33md\u001b[39m=\u001b[32m\"M4 14a1 1 0 0 1-.78-1.63l9.9-10.2a.5.5 0 0 1 .86.46l-1.92 6.02A1 1 0 0 0 13 10h7a1 1 0 0 1 .78 1.63l-9.9 10.2a.5.5 0 0 1-.86-.46l1.92-6.02A1 1 0 0 0 11 14z\"\u001b[39m\n                \u001b[36m/>\u001b[39m\n              \u001b[36m</svg>\u001b[39m\n              \u001b[0mtitle\u001b[0m\n            \u001b[36m</h1>\u001b[39m\n            \u001b[36m<p\u001b[39m\n              \u001b[33mclass\u001b[39m=\u001b[32m\"text-muted-foreground\"\u001b[39m\n            \u001b[36m>\u001b[39m\n              \u001b[0msubtitle\u001b[0m\n            \u001b[36m</p>\u001b[39m\n          \u001b[36m</div>\u001b[39m\n          \u001b[36m<button\u001b[39m\n            \u001b[33mclass\u001b[39m=\u001b[32m\"px-6 py-3 bg-primary text-white rounded-2xl font-bold shadow-lg shadow-primary/30 hover:scale-105 transition-all flex items-center gap-2\"\u001b[39m\n          \u001b[36m>\u001b[39m\n            \u001b[36m<svg\u001b[39m\n              \u001b[33maria-hidden\u001b[39m=\u001b[32m\"true\"\u001b[39m\n              \u001b[33mclass\u001b[39m=\u001b[32m\"lucide lucide-plus\"\u001b[39m\n              \u001b[33mfill\u001b[39m=\u001b[32m\"none\"\u001b[39m\n              \u001b[33mheight\u001b[39m=\u001b[32m\"20\"\u001b[39m\n              \u001b[33mstroke\u001b[39m=\u001b[32m\"currentColor\"\u001b[39m\n              \u001b[33mstroke-linecap\u001b[39m=\u001b[32m\"round\"\u001b[39m\n              \u001b[33mstroke-linejoin\u001b[39m=\u001b[32m\"round\"\u001b[39m\n              \u001b[33mstroke-width\u001b[39m=\u001b[32m\"2\"\u001b[39m\n              \u001b[33mviewBox\u001b[39m=\u001b[32m\"0 0 24 24\"\u001b[39m\n              \u001b[33mwidth\u001b[39m=\u001b[32m\"20\"\u001b[39m\n              \u001b[33mxmlns\u001b[39m=\u001b[32m\"http://www.w3.org/2000/svg\"\u001b[39m\n            \u001b[36m>\u001b[39m\n              \u001b[36m<path\u001b[39m\n                \u001b[33md\u001b[39m=\u001b[32m\"M5 12h14\"\u001b[39m\n              \u001b[36m/>\u001b[39m\n              \u001b[36m<path\u001b[39m\n                \u001b[33md\u001b[39m=\u001b[32m\"M12 5v14\"\u001b[39m\n              \u001b[36m/>\u001b[39m\n            \u001b[36m</svg>\u001b[39m\n            \u001b[0mnewKey\u001b[0m\n          \u001b[36m</button>\u001b[39m\n        \u001b[36m</div>\u001b[39m\n        \u001b[36m<div\u001b[39m\n          \u001b[33mclass\u001b[39m=\u001b[32m\"p-6 rounded-[24px] bg-gradient-to-r from-indigo-500/10 to-purple-500/10 border border-white/5 flex items-start gap-4\"\u001b[39m\n        \u001b[36m>\u001b[39m\n          \u001b[36m<div\u001b[39m\n            \u001b[33mclass\u001b[39m=\u001b[32m\"h-10 w-10 shrink-0 rounded-xl bg-indigo-500/20 flex items-center justify-center text-indigo-400\"\u001b[39m\n          \u001b[36m>\u001b[39m\n            \u001b[36m<svg\u001b[39m\n              \u001b[33maria-hidden\u001b[39m=\u001b[32m\"true\"\u001b[39m\n              \u001b[33mclass\u001b[39m=\u001b[32m\"lucide lucide-shield-check\"\u001b[39m\n              \u001b[33mfill\u001b[39m=\u001b[32m\"none\"\u001b[39m\n              \u001b[33mheight\u001b[39m=\u001b[32m\"24\"\u001b[39m\n              \u001b[33mstroke\u001b[39m=\u001b[32m\"currentColor\"\u001b[39m\n              \u001b[33mstroke-linecap\u001b[39m=\u001b[32m\"round\"\u001b[39m\n              \u001b[33mstroke-linejoin\u001b[39m=\u001b[32m\"round\"\u001b[39m\n              \u001b[33mstroke-width\u001b[39m=\u001b[32m\"2\"\u001b[39m\n              \u001b[33mviewBox\u001b[39m=\u001b[32m\"0 0 24 24\"\u001b[39m\n              \u001b[33mwidth\u001b[39m=\u001b[32m\"24\"\u001b[39m\n              \u001b[33mxmlns\u001b[39m=\u001b[32m\"http://www.w3.org/2000/svg\"\u001b[39m\n            \u001b[36m>\u001b[39m\n              \u001b[36m<path\u001b[39m\n                \u001b[33md\u001b[39m=\u001b[32m\"M20 13c0 5-3.5 7.5-7.66 8.95a1 1 0 0 1-.67-.01C7.5 20.5 4 18 4 13V6a1 1 0 0 1 1-1c2 0 4.5-1.2 6.24-2.72a1.17 1.17 0 0 1 1.52 0C14.51 3.81 17 5 19 5a1 1 0 0 1 1 1z\"\u001b[39m\n              \u001b[36m/>\u001b[39m\n              \u001b[36m<path\u001b[39m\n                \u001b[33md\u001b[39m=\u001b[32m\"m9 12 2 2 4-4\"\u001b[39m\n              \u001b[36m/>\u001b[39m\n            \u001b[36m</svg>\u001b[39m\n          \u001b[36m</div>\u001b[39m\n          \u001b[36m<div>\u001b[39m\n            \u001b[36m<h3\u001b[39m\n              \u001b[33mclass\u001b[39m=\u001b[32m\"text-sm font-bold text-white mb-1\"\u001b[39m\n            \u001b[36m>\u001b[39m\n              \u001b[0mDeveloper Integration\u001b[0m\n            \u001b[36m</h3>\u001b[39m\n            \u001b[36m<p\u001b[39m\n              \u001b[33mclass\u001b[39m=\u001b[32m\"text-xs text-gray-400 leading-relaxed max-w-2xl\"\u001b[39m\n            \u001b[36m>\u001b[39m\n              \u001b[0mUse these keys to integrate harikerja with your internal ERP, accounting software, or automation tools. API keys provide full administrative access to your workspace data.\u001b[0m\n            \u001b[36m</p>\u001b[39m\n          \u001b[36m</div>\u001b[39m\n        \u001b[36m</div>\u001b[39m\n        \u001b[36m<div\u001b[39m\n          \u001b[33mclass\u001b[39m=\u001b[32m\"grid grid-cols-1 md:grid-cols-2 xl:grid-cols-3 gap-6\"\u001b[39m\n        \u001b[36m>\u001b[39m\n          \u001b[36m<div\u001b[39m\n            \u001b[33mclass\u001b[39m=\u001b[32m\"h-48 glass-card rounded-3xl animate-pulse bg-white/5\"\u001b[39m\n          \u001b[36m/>\u001b[39m\n          \u001b[36m<div\u001b[39m\n            \u001b[33mclass\u001b[39m=\u001b[32m\"h-48 glass-card rounded-3xl animate-pulse bg-white/5\"\u001b[39m\n          \u001b[36m/>\u001b[39m\n        \u001b[36m</div>\u001b[39m\n      \u001b[36m</div>\u001b[39m\n    \u001b[36m</div>\u001b[39m\n  \u001b[36m</div>\u001b[39m\n\u001b[36m</body>\u001b[39m\n    at Proxy.waitForWrapper (/home/afdhal/data/hr/hrms/frontend/node_modules/@testing-library/dom/dist/wait-for.js:163:27)\n    at /home/afdhal/data/hr/hrms/frontend/src/__tests__/api_keys_page.test.tsx:59:11\n    at file:///home/afdhal/data/hr/hrms/frontend/node_modules/@vitest/runner/dist/chunk-artifact.js:302:11\n    at file:///home/afdhal/data/hr/hrms/frontend/node_modules/@vitest/runner/dist/chunk-artifact.js:1893:26\n    at file:///home/afdhal/data/hr/hrms/frontend/node_modules/@vitest/runner/dist/chunk-artifact.js:2316:20\n    at new Promise (<anonymous>)\n    at runWithCancel (file:///home/afdhal/data/hr/hrms/frontend/node_modules/@vitest/runner/dist/chunk-artifact.js:2313:10)\n    at file:///home/afdhal/data/hr/hrms/frontend/node_modules/@vitest/runner/dist/chunk-artifact.js:2295:20\n    at new Promise (<anonymous>)\n    at runWithTimeout (file:///home/afdhal/data/hr/hrms/frontend/node_modules/@vitest/runner/dist/chunk-artifact.js:2262:10)"],"meta":{},"tags":[]},{"ancestorTitles":["ApiKeysPage (Integrated)"],"fullName":"ApiKeysPage (Integrated) opens CreateApiKeyModal when button is clicked","status":"passed","title":"opens CreateApiKeyModal when button is clicked","duration":24.134830999995756,"failureMessages":[],"meta":{},"tags":[]}],"startTime":1778470796439,"endTime":1778470826510.1348,"status":"failed","message":"","name":"/home/afdhal/data/hr/hrms/frontend/src/__tests__/api_keys_page.test.tsx"},{"assertionResults":[{"ancestorTitles":["AttendancePage (Integrated)"],"fullName":"AttendancePage (Integrated) renders attendance logs from real backend","status":"failed","title":"renders attendance logs from real backend","duration":60096.370708999995,"failureMessages":["Error: Unable to find an element with the text: /Employee 1/i. This could be because the text is broken up by multiple elements. In this case, you can provide a function for your text matcher to make your matcher more flexible.\n\nIgnored nodes: comments, script, style\n\u001b[36m<body>\u001b[39m\n  \u001b[36m<div>\u001b[39m\n    \u001b[36m<div>\u001b[39m\n      \u001b[36m<div\u001b[39m\n        \u001b[33mclass\u001b[39m=\u001b[32m\"space-y-6\"\u001b[39m\n      \u001b[36m>\u001b[39m\n        \u001b[36m<div\u001b[39m\n          \u001b[33mclass\u001b[39m=\u001b[32m\"flex flex-col md:flex-row md:items-center justify-between gap-4\"\u001b[39m\n        \u001b[36m>\u001b[39m\n          \u001b[36m<div\u001b[39m\n            \u001b[33mclass\u001b[39m=\u001b[32m\"space-y-1\"\u001b[39m\n          \u001b[36m>\u001b[39m\n            \u001b[36m<h1\u001b[39m\n              \u001b[33mclass\u001b[39m=\u001b[32m\"text-2xl font-bold tracking-tight text-white\"\u001b[39m\n            \u001b[36m>\u001b[39m\n              \u001b[0mtitle\u001b[0m\n            \u001b[36m</h1>\u001b[39m\n            \u001b[36m<p\u001b[39m\n              \u001b[33mclass\u001b[39m=\u001b[32m\"text-sm text-gray-400\"\u001b[39m\n            \u001b[36m>\u001b[39m\n              \u001b[0msubtitle\u001b[0m\n            \u001b[36m</p>\u001b[39m\n          \u001b[36m</div>\u001b[39m\n          \u001b[36m<div\u001b[39m\n            \u001b[33mclass\u001b[39m=\u001b[32m\"flex flex-wrap gap-2\"\u001b[39m\n          \u001b[36m>\u001b[39m\n            \u001b[36m<a\u001b[39m\n              \u001b[33mclass\u001b[39m=\u001b[32m\"px-4 py-2 bg-white/5 border border-white/10 rounded-xl text-sm font-medium hover:bg-white/10 transition-colors flex items-center gap-2 text-white\"\u001b[39m\n              \u001b[33mhref\u001b[39m=\u001b[32m\"/attendance/shifts\"\u001b[39m\n            \u001b[36m>\u001b[39m\n              \u001b[36m<svg\u001b[39m\n                \u001b[33maria-hidden\u001b[39m=\u001b[32m\"true\"\u001b[39m\n                \u001b[33mclass\u001b[39m=\u001b[32m\"lucide lucide-clock\"\u001b[39m\n                \u001b[33mfill\u001b[39m=\u001b[32m\"none\"\u001b[39m\n                \u001b[33mheight\u001b[39m=\u001b[32m\"18\"\u001b[39m\n                \u001b[33mstroke\u001b[39m=\u001b[32m\"currentColor\"\u001b[39m\n                \u001b[33mstroke-linecap\u001b[39m=\u001b[32m\"round\"\u001b[39m\n                \u001b[33mstroke-linejoin\u001b[39m=\u001b[32m\"round\"\u001b[39m\n                \u001b[33mstroke-width\u001b[39m=\u001b[32m\"2\"\u001b[39m\n                \u001b[33mviewBox\u001b[39m=\u001b[32m\"0 0 24 24\"\u001b[39m\n                \u001b[33mwidth\u001b[39m=\u001b[32m\"18\"\u001b[39m\n                \u001b[33mxmlns\u001b[39m=\u001b[32m\"http://www.w3.org/2000/svg\"\u001b[39m\n              \u001b[36m>\u001b[39m\n                \u001b[36m<circle\u001b[39m\n                  \u001b[33mcx\u001b[39m=\u001b[32m\"12\"\u001b[39m\n                  \u001b[33mcy\u001b[39m=\u001b[32m\"12\"\u001b[39m\n                  \u001b[33mr\u001b[39m=\u001b[32m\"10\"\u001b[39m\n                \u001b[36m/>\u001b[39m\n                \u001b[36m<path\u001b[39m\n                  \u001b[33md\u001b[39m=\u001b[32m\"M12 6v6l4 2\"\u001b[39m\n                \u001b[36m/>\u001b[39m\n              \u001b[36m</svg>\u001b[39m\n              \u001b[0mManage Shifts\u001b[0m\n            \u001b[36m</a>\u001b[39m\n            \u001b[36m<a\u001b[39m\n              \u001b[33mclass\u001b[39m=\u001b[32m\"px-4 py-2 bg-white/5 border border-white/10 rounded-xl text-sm font-medium hover:bg-white/10 transition-colors flex items-center gap-2 text-white\"\u001b[39m\n              \u001b[33mhref\u001b[39m=\u001b[32m\"/attendance/schedule\"\u001b[39m\n            \u001b[36m>\u001b[39m\n              \u001b[36m<svg\u001b[39m\n                \u001b[33maria-hidden\u001b[39m=\u001b[32m\"true\"\u001b[39m\n                \u001b[33mclass\u001b[39m=\u001b[32m\"lucide lucide-calendar-days\"\u001b[39m\n                \u001b[33mfill\u001b[39m=\u001b[32m\"none\"\u001b[39m\n                \u001b[33mheight\u001b[39m=\u001b[32m\"18\"\u001b[39m\n                \u001b[33mstroke\u001b[39m=\u001b[32m\"currentColor\"\u001b[39m\n                \u001b[33mstroke-linecap\u001b[39m=\u001b[32m\"round\"\u001b[39m\n                \u001b[33mstroke-linejoin\u001b[39m=\u001b[32m\"round\"\u001b[39m\n                \u001b[33mstroke-width\u001b[39m=\u001b[32m\"2\"\u001b[39m\n                \u001b[33mviewBox\u001b[39m=\u001b[32m\"0 0 24 24\"\u001b[39m\n                \u001b[33mwidth\u001b[39m=\u001b[32m\"18\"\u001b[39m\n                \u001b[33mxmlns\u001b[39m=\u001b[32m\"http://www.w3.org/2000/svg\"\u001b[39m\n              \u001b[36m>\u001b[39m\n                \u001b[36m<path\u001b[39m\n                  \u001b[33md\u001b[39m=\u001b[32m\"M8 2v4\"\u001b[39m\n                \u001b[36m/>\u001b[39m\n                \u001b[36m<path\u001b[39m\n                  \u001b[33md\u001b[39m=\u001b[32m\"M16 2v4\"\u001b[39m\n                \u001b[36m/>\u001b[39m\n                \u001b[36m<rect\u001b[39m\n                  \u001b[33mheight\u001b[39m=\u001b[32m\"18\"\u001b[39m\n                  \u001b[33mrx\u001b[39m=\u001b[32m\"2\"\u001b[39m\n                  \u001b[33mwidth\u001b[39m=\u001b[32m\"18\"\u001b[39m\n                  \u001b[33mx\u001b[39m=\u001b[32m\"3\"\u001b[39m\n                  \u001b[33my\u001b[39m=\u001b[32m\"4\"\u001b[39m\n                \u001b[36m/>\u001b[39m\n                \u001b[36m<path\u001b[39m\n                  \u001b[33md\u001b[39m=\u001b[32m\"M3 10h18\"\u001b[39m\n                \u001b[36m/>\u001b[39m\n                \u001b[36m<path\u001b[39m\n                  \u001b[33md\u001b[39m=\u001b[32m\"M8 14h.01\"\u001b[39m\n                \u001b[36m/>\u001b[39m\n                \u001b[36m<path\u001b[39m\n                  \u001b[33md\u001b[39m=\u001b[32m\"M12 14h.01\"\u001b[39m\n                \u001b[36m/>\u001b[39m\n                \u001b[36m<path\u001b[39m\n                  \u001b[33md\u001b[39m=\u001b[32m\"M16 14h.01\"\u001b[39m\n                \u001b[36m/>\u001b[39m\n                \u001b[36m<path\u001b[39m\n                  \u001b[33md\u001b[39m=\u001b[32m\"M8 18h.01\"\u001b[39m\n                \u001b[36m/>\u001b[39m\n                \u001b[36m<path\u001b[39m\n                  \u001b[33md\u001b[39m=\u001b[32m\"M12 18h.01\"\u001b[39m\n                \u001b[36m/>\u001b[39m\n                \u001b[36m<path\u001b[39m\n                  \u001b[33md\u001b[39m=\u001b[32m\"M16 18h.01\"\u001b[39m\n                \u001b[36m/>\u001b[39m\n              \u001b[36m</svg>\u001b[39m\n              \u001b[0mScheduling\u001b[0m\n            \u001b[36m</a>\u001b[39m\n            \u001b[36m<a\u001b[39m\n              \u001b[33mclass\u001b[39m=\u001b[32m\"px-4 py-2 bg-white/5 border border-white/10 rounded-xl text-sm font-medium hover:bg-white/10 transition-colors flex items-center gap-2 text-white\"\u001b[39m\n              \u001b[33mhref\u001b[39m=\u001b[32m\"/attendance/corrections\"\u001b[39m\n            \u001b[36m>\u001b[39m\n              \u001b[36m<svg\u001b[39m\n                \u001b[33maria-hidden\u001b[39m=\u001b[32m\"true\"\u001b[39m\n                \u001b[33mclass\u001b[39m=\u001b[32m\"lucide lucide-circle-alert\"\u001b[39m\n                \u001b[33mfill\u001b[39m=\u001b[32m\"none\"\u001b[39m\n                \u001b[33mheight\u001b[39m=\u001b[32m\"18\"\u001b[39m\n                \u001b[33mstroke\u001b[39m=\u001b[32m\"currentColor\"\u001b[39m\n                \u001b[33mstroke-linecap\u001b[39m=\u001b[32m\"round\"\u001b[39m\n                \u001b[33mstroke-linejoin\u001b[39m=\u001b[32m\"round\"\u001b[39m\n                \u001b[33mstroke-width\u001b[39m=\u001b[32m\"2\"\u001b[39m\n                \u001b[33mviewBox\u001b[39m=\u001b[32m\"0 0 24 24\"\u001b[39m\n                \u001b[33mwidth\u001b[39m=\u001b[32m\"18\"\u001b[39m\n                \u001b[33mxmlns\u001b[39m=\u001b[32m\"http://www.w3.org/2000/svg\"\u001b[39m\n              \u001b[36m>\u001b[39m\n                \u001b[36m<circle\u001b[39m\n                  \u001b[33mcx\u001b[39m=\u001b[32m\"12\"\u001b[39m\n                  \u001b[33mcy\u001b[39m=\u001b[32m\"12\"\u001b[39m\n                  \u001b[33mr\u001b[39m=\u001b[32m\"10\"\u001b[39m\n                \u001b[36m/>\u001b[39m\n                \u001b[36m<line\u001b[39m\n                  \u001b[33mx1\u001b[39m=\u001b[32m\"12\"\u001b[39m\n                  \u001b[33mx2\u001b[39m=\u001b[32m\"12\"\u001b[39m\n                  \u001b[33my1\u001b[39m=\u001b[32m\"8\"\u001b[39m\n                  \u001b[33my2\u001b[39m=\u001b[32m\"12\"\u001b[39m\n                \u001b[36m/>\u001b[39m\n                \u001b[36m<line\u001b[39m\n                  \u001b[33mx1\u001b[39m=\u001b[32m\"12\"\u001b[39m\n                  \u001b[33mx2\u001b[39m=\u001b[32m\"12.01\"\u001b[39m\n                  \u001b[33my1\u001b[39m=\u001b[32m\"16\"\u001b[39m\n                  \u001b[33my2\u001b[39m=\u001b[32m\"16\"\u001b[39m\n                \u001b[36m/>\u001b[39m\n              \u001b[36m</svg>\u001b[39m\n              \u001b[0mCorrection Requests\u001b[0m\n            \u001b[36m</a>\u001b[39m\n            \u001b[36m<a\u001b[39m\n              \u001b[33mclass\u001b[39m=\u001b[32m\"px-4 py-2 bg-amber-500/10 border border-amber-500/20 rounded-xl text-sm font-medium hover:bg-amber-500/20 transition-colors flex items-center gap-2 text-amber-500\"\u001b[39m\n              \u001b[33mhref\u001b[39m=\u001b[32m\"/attendance/audit\"\u001b[39m\n            \u001b[36m>\u001b[39m\n              \u001b[36m<svg\u001b[39m\n                \u001b[33maria-hidden\u001b[39m=\u001b[32m\"true\"\u001b[39m\n                \u001b[33mclass\u001b[39m=\u001b[32m\"lucide lucide-shield-alert\"\u001b[39m\n                \u001b[33mfill\u001b[39m=\u001b[32m\"none\"\u001b[39m\n                \u001b[33mheight\u001b[39m=\u001b[32m\"18\"\u001b[39m\n                \u001b[33...\n    at Proxy.waitForWrapper (/home/afdhal/data/hr/hrms/frontend/node_modules/@testing-library/dom/dist/wait-for.js:163:27)\n    at /home/afdhal/data/hr/hrms/frontend/src/__tests__/attendance.test.tsx:79:11\n    at file:///home/afdhal/data/hr/hrms/frontend/node_modules/@vitest/runner/dist/chunk-artifact.js:302:11\n    at file:///home/afdhal/data/hr/hrms/frontend/node_modules/@vitest/runner/dist/chunk-artifact.js:1893:26\n    at file:///home/afdhal/data/hr/hrms/frontend/node_modules/@vitest/runner/dist/chunk-artifact.js:2316:20\n    at new Promise (<anonymous>)\n    at runWithCancel (file:///home/afdhal/data/hr/hrms/frontend/node_modules/@vitest/runner/dist/chunk-artifact.js:2313:10)\n    at file:///home/afdhal/data/hr/hrms/frontend/node_modules/@vitest/runner/dist/chunk-artifact.js:2295:20\n    at new Promise (<anonymous>)\n    at runWithTimeout (file:///home/afdhal/data/hr/hrms/frontend/node_modules/@vitest/runner/dist/chunk-artifact.js:2262:10)","Error: Unable to find an element with the text: /Employee 1/i. This could be because the text is broken up by multiple elements. In this case, you can provide a function for your text matcher to make your matcher more flexible.\n\nIgnored nodes: comments, script, style\n\u001b[36m<body>\u001b[39m\n  \u001b[36m<div>\u001b[39m\n    \u001b[36m<div>\u001b[39m\n      \u001b[36m<div\u001b[39m\n        \u001b[33mclass\u001b[39m=\u001b[32m\"space-y-6\"\u001b[39m\n      \u001b[36m>\u001b[39m\n        \u001b[36m<div\u001b[39m\n          \u001b[33mclass\u001b[39m=\u001b[32m\"flex flex-col md:flex-row md:items-center justify-between gap-4\"\u001b[39m\n        \u001b[36m>\u001b[39m\n          \u001b[36m<div\u001b[39m\n            \u001b[33mclass\u001b[39m=\u001b[32m\"space-y-1\"\u001b[39m\n          \u001b[36m>\u001b[39m\n            \u001b[36m<h1\u001b[39m\n              \u001b[33mclass\u001b[39m=\u001b[32m\"text-2xl font-bold tracking-tight text-white\"\u001b[39m\n            \u001b[36m>\u001b[39m\n              \u001b[0mtitle\u001b[0m\n            \u001b[36m</h1>\u001b[39m\n            \u001b[36m<p\u001b[39m\n              \u001b[33mclass\u001b[39m=\u001b[32m\"text-sm text-gray-400\"\u001b[39m\n            \u001b[36m>\u001b[39m\n              \u001b[0msubtitle\u001b[0m\n            \u001b[36m</p>\u001b[39m\n          \u001b[36m</div>\u001b[39m\n          \u001b[36m<div\u001b[39m\n            \u001b[33mclass\u001b[39m=\u001b[32m\"flex flex-wrap gap-2\"\u001b[39m\n          \u001b[36m>\u001b[39m\n            \u001b[36m<a\u001b[39m\n              \u001b[33mclass\u001b[39m=\u001b[32m\"px-4 py-2 bg-white/5 border border-white/10 rounded-xl text-sm font-medium hover:bg-white/10 transition-colors flex items-center gap-2 text-white\"\u001b[39m\n              \u001b[33mhref\u001b[39m=\u001b[32m\"/attendance/shifts\"\u001b[39m\n            \u001b[36m>\u001b[39m\n              \u001b[36m<svg\u001b[39m\n                \u001b[33maria-hidden\u001b[39m=\u001b[32m\"true\"\u001b[39m\n                \u001b[33mclass\u001b[39m=\u001b[32m\"lucide lucide-clock\"\u001b[39m\n                \u001b[33mfill\u001b[39m=\u001b[32m\"none\"\u001b[39m\n                \u001b[33mheight\u001b[39m=\u001b[32m\"18\"\u001b[39m\n                \u001b[33mstroke\u001b[39m=\u001b[32m\"currentColor\"\u001b[39m\n                \u001b[33mstroke-linecap\u001b[39m=\u001b[32m\"round\"\u001b[39m\n                \u001b[33mstroke-linejoin\u001b[39m=\u001b[32m\"round\"\u001b[39m\n                \u001b[33mstroke-width\u001b[39m=\u001b[32m\"2\"\u001b[39m\n                \u001b[33mviewBox\u001b[39m=\u001b[32m\"0 0 24 24\"\u001b[39m\n                \u001b[33mwidth\u001b[39m=\u001b[32m\"18\"\u001b[39m\n                \u001b[33mxmlns\u001b[39m=\u001b[32m\"http://www.w3.org/2000/svg\"\u001b[39m\n              \u001b[36m>\u001b[39m\n                \u001b[36m<circle\u001b[39m\n                  \u001b[33mcx\u001b[39m=\u001b[32m\"12\"\u001b[39m\n                  \u001b[33mcy\u001b[39m=\u001b[32m\"12\"\u001b[39m\n                  \u001b[33mr\u001b[39m=\u001b[32m\"10\"\u001b[39m\n                \u001b[36m/>\u001b[39m\n                \u001b[36m<path\u001b[39m\n                  \u001b[33md\u001b[39m=\u001b[32m\"M12 6v6l4 2\"\u001b[39m\n                \u001b[36m/>\u001b[39m\n              \u001b[36m</svg>\u001b[39m\n              \u001b[0mManage Shifts\u001b[0m\n            \u001b[36m</a>\u001b[39m\n            \u001b[36m<a\u001b[39m\n              \u001b[33mclass\u001b[39m=\u001b[32m\"px-4 py-2 bg-white/5 border border-white/10 rounded-xl text-sm font-medium hover:bg-white/10 transition-colors flex items-center gap-2 text-white\"\u001b[39m\n              \u001b[33mhref\u001b[39m=\u001b[32m\"/attendance/schedule\"\u001b[39m\n            \u001b[36m>\u001b[39m\n              \u001b[36m<svg\u001b[39m\n                \u001b[33maria-hidden\u001b[39m=\u001b[32m\"true\"\u001b[39m\n                \u001b[33mclass\u001b[39m=\u001b[32m\"lucide lucide-calendar-days\"\u001b[39m\n                \u001b[33mfill\u001b[39m=\u001b[32m\"none\"\u001b[39m\n                \u001b[33mheight\u001b[39m=\u001b[32m\"18\"\u001b[39m\n                \u001b[33mstroke\u001b[39m=\u001b[32m\"currentColor\"\u001b[39m\n                \u001b[33mstroke-linecap\u001b[39m=\u001b[32m\"round\"\u001b[39m\n                \u001b[33mstroke-linejoin\u001b[39m=\u001b[32m\"round\"\u001b[39m\n                \u001b[33mstroke-width\u001b[39m=\u001b[32m\"2\"\u001b[39m\n                \u001b[33mviewBox\u001b[39m=\u001b[32m\"0 0 24 24\"\u001b[39m\n                \u001b[33mwidth\u001b[39m=\u001b[32m\"18\"\u001b[39m\n                \u001b[33mxmlns\u001b[39m=\u001b[32m\"http://www.w3.org/2000/svg\"\u001b[39m\n              \u001b[36m>\u001b[39m\n                \u001b[36m<path\u001b[39m\n                  \u001b[33md\u001b[39m=\u001b[32m\"M8 2v4\"\u001b[39m\n                \u001b[36m/>\u001b[39m\n                \u001b[36m<path\u001b[39m\n                  \u001b[33md\u001b[39m=\u001b[32m\"M16 2v4\"\u001b[39m\n                \u001b[36m/>\u001b[39m\n                \u001b[36m<rect\u001b[39m\n                  \u001b[33mheight\u001b[39m=\u001b[32m\"18\"\u001b[39m\n                  \u001b[33mrx\u001b[39m=\u001b[32m\"2\"\u001b[39m\n                  \u001b[33mwidth\u001b[39m=\u001b[32m\"18\"\u001b[39m\n                  \u001b[33mx\u001b[39m=\u001b[32m\"3\"\u001b[39m\n                  \u001b[33my\u001b[39m=\u001b[32m\"4\"\u001b[39m\n                \u001b[36m/>\u001b[39m\n                \u001b[36m<path\u001b[39m\n                  \u001b[33md\u001b[39m=\u001b[32m\"M3 10h18\"\u001b[39m\n                \u001b[36m/>\u001b[39m\n                \u001b[36m<path\u001b[39m\n                  \u001b[33md\u001b[39m=\u001b[32m\"M8 14h.01\"\u001b[39m\n                \u001b[36m/>\u001b[39m\n                \u001b[36m<path\u001b[39m\n                  \u001b[33md\u001b[39m=\u001b[32m\"M12 14h.01\"\u001b[39m\n                \u001b[36m/>\u001b[39m\n                \u001b[36m<path\u001b[39m\n                  \u001b[33md\u001b[39m=\u001b[32m\"M16 14h.01\"\u001b[39m\n                \u001b[36m/>\u001b[39m\n                \u001b[36m<path\u001b[39m\n                  \u001b[33md\u001b[39m=\u001b[32m\"M8 18h.01\"\u001b[39m\n                \u001b[36m/>\u001b[39m\n                \u001b[36m<path\u001b[39m\n                  \u001b[33md\u001b[39m=\u001b[32m\"M12 18h.01\"\u001b[39m\n                \u001b[36m/>\u001b[39m\n                \u001b[36m<path\u001b[39m\n                  \u001b[33md\u001b[39m=\u001b[32m\"M16 18h.01\"\u001b[39m\n                \u001b[36m/>\u001b[39m\n              \u001b[36m</svg>\u001b[39m\n              \u001b[0mScheduling\u001b[0m\n            \u001b[36m</a>\u001b[39m\n            \u001b[36m<a\u001b[39m\n              \u001b[33mclass\u001b[39m=\u001b[32m\"px-4 py-2 bg-white/5 border border-white/10 rounded-xl text-sm font-medium hover:bg-white/10 transition-colors flex items-center gap-2 text-white\"\u001b[39m\n              \u001b[33mhref\u001b[39m=\u001b[32m\"/attendance/corrections\"\u001b[39m\n            \u001b[36m>\u001b[39m\n              \u001b[36m<svg\u001b[39m\n                \u001b[33maria-hidden\u001b[39m=\u001b[32m\"true\"\u001b[39m\n                \u001b[33mclass\u001b[39m=\u001b[32m\"lucide lucide-circle-alert\"\u001b[39m\n                \u001b[33mfill\u001b[39m=\u001b[32m\"none\"\u001b[39m\n                \u001b[33mheight\u001b[39m=\u001b[32m\"18\"\u001b[39m\n                \u001b[33mstroke\u001b[39m=\u001b[32m\"currentColor\"\u001b[39m\n                \u001b[33mstroke-linecap\u001b[39m=\u001b[32m\"round\"\u001b[39m\n                \u001b[33mstroke-linejoin\u001b[39m=\u001b[32m\"round\"\u001b[39m\n                \u001b[33mstroke-width\u001b[39m=\u001b[32m\"2\"\u001b[39m\n                \u001b[33mviewBox\u001b[39m=\u001b[32m\"0 0 24 24\"\u001b[39m\n                \u001b[33mwidth\u001b[39m=\u001b[32m\"18\"\u001b[39m\n                \u001b[33mxmlns\u001b[39m=\u001b[32m\"http://www.w3.org/2000/svg\"\u001b[39m\n              \u001b[36m>\u001b[39m\n                \u001b[36m<circle\u001b[39m\n                  \u001b[33mcx\u001b[39m=\u001b[32m\"12\"\u001b[39m\n     
[...]
0 1 1h5\"\u001b[39m\n                \u001b[36m/>\u001b[39m\n                \u001b[36m<path\u001b[39m\n                  \u001b[33md\u001b[39m=\u001b[32m\"M10 9H8\"\u001b[39m\n                \u001b[36m/>\u001b[39m\n                \u001b[36m<path\u001b[39m\n                  \u001b[33md\u001b[39m=\u001b[32m\"M16 13H8\"\u001b[39m\n                \u001b[36m/>\u001b[39m\n                \u001b[36m<path\u001b[39m\n                  \u001b[33md\u001b[39m=\u001b[32m\"M16 17H8\"\u001b[39m\n                \u001b[36m/>\u001b[39m\n              \u001b[36m</svg>\u001b[39m\n              \u001b[0mExcel Recap\u001b[0m\n            \u001b[36m</button>\u001b[39m\n            \u001b[36m<button\u001b[39m\n              \u001b[33mclass\u001b[39m=\u001b[32m\"px-6 py-3 bg-primary text-white rounded-2xl font-bold shadow-lg shadow-primary/30 hover:scale-105 transition-all flex items-center gap-2\"\u001b[39m\n              \u001b[33mdata-testid\u001b[39m=\u001b[32m\"new-claim-button\"\u001b[39m\n            \u001b[36m>\u001b[39m\n              \u001b[36m<svg\u001b[39m\n                \u001b[33maria-hidden\u001b[39m=\u001b[32m\"true\"\u001b[39m\n                \u001b[33mclass\u001b[39m=\u001b[32m\"lucide lucide-plus\"\u001b[39m\n                \u001b[33mfill\u001b[39m=\u001b[32m\"none\"\u001b[39m\n                \u001b[33mheight\u001b[39m=\u001b[32m\"20\"\u001b[39m\n                \u001b[33mstroke\u001b[39m=\u001b[32m\"currentColor\"\u001b[39m\n                \u001b[33mstroke-linecap\u001b[39m=\u001b[32m\"round\"\u001b[39m\n                \u001b[33mstroke-linejoin\u001b[39m=\u001b[32m\"round\"\u001b[39m\n                \u001b[33mstroke-width\u001b[39m=\u001b[32m\"2\"\u001b[39m\n                \u001b[33mviewBox\u001b[39m=\u001b[32m\"0 0 24 24\"\u001b[39m\n                \u001b[33mwidth\u001b[39m=\u001b[32m\"20\"\u001b[39m\n                \u001b[33mxmlns\u001b[39m=\u001b[32m\"http://www.w3.org/2000/svg\"\u001b[39m\n              \u001b[36m>\u001b[39m\n                \u001b[36m<path\u001b[39m\n                  \u001b[33md\u001b[39m=\u001b[32m\"M5 12h14\"\u001b[39m\n                \u001b[36m/>\u001b[39m\n                \u001b[36m<path\u001b[39m\n                  \u001b[33md\u001b[39m=\u001b[32m\"M12 5v14\"\u001b[39m\n                \u001b[36m/>\u001b[39m\n              \u001b[36m</svg>\u001b[39m\n              \u001b[0mnewClaim\u001b[0m\n            \u001b[36m</button>\u001b[39m\n          \u001b[36m</div>\u001b[39m\n        \u001b[36m</div>\u001b[39m\n        \u001b[36m<div\u001b[39m\n          \u001b[33mclass\u001b[39m=\u001b[32m\"grid grid-cols-1 md:grid-cols-2 gap-6\"\u001b[39m\n        \u001b[36m>\u001b[39m\n          \u001b[36m<div\u001b[39m\n            \u001b[33manimate\u001b[39m=\u001b[32m\"[object Object]\"\u001b[39m\n            \u001b[33mclass\u001b[39m=\u001b[32m\"glass-card p-8 rounded-3xl border border-white/10 flex items-center gap-6\"\u001b[39m\n            \u001b[33minitial\u001b[39m=\u001b[32m\"[object Object]\"\u001b[39m\n          \u001b[36m>\u001b[39m\n            \u001b[36m<div\u001b[39m\n              \u001b[33mclass\u001b[39m=\u001b[32m\"h-16 w-16 rounded-2xl bg-orange-500/10 flex items-center justify-center text-orange-500\"\u001b[39m\n            \u001b[36m>\u001b[39m\n              \u001b[36m<svg\u001b[39m\n                \u001b[33maria-hidden\u001b[39m=\u001b[32m\"true\"\u001b[39m\n                \u001b[33mclass\u001b[39m=\u001b[32m\"lucide lucide-chart-pie\"\u001b[39m\n                \u001b[33mfill\u001b[39m=\u001b[32m\"none\"\u001b[39m\n                \u001b[33mheight\u001b[39m=\u001b[32m\"32\"\u001b[39m\n                \u001b[33mstroke\u001b[39m=\u001b[32m\"currentColor\"\u001b[39m\n                \u001b[33mstroke-linecap\u001b[39m=\u001b[32m\"round\"\u001b[39m\n                \u001b[33mstroke-linejoin\u001b[39m=\u001b[32m\"round\"\u001b[39m\n                \u001b[33mstroke-width\u001b[39m=\u001b[32m\"2\"\u001b[39m\n                \u001b[33mviewBox\u001b[39m=\u001b[32m\"0 0 24 24\"\u001b[39m\n                \u001b[33mwidth\u001b[39m=\u001b[32m\"32\"\u001b[39m\n                \u001b[33mxmlns\u001b[39m=\u001b[32m\"http://www.w3.org/2000/svg\"\u001b[39m\n              \u001b[36m>\u001b[39m\n                \u001b[36m<path\u001b[39m\n                  \u001b[33md\u001b[39m=\u001b[32m\"M21 12c.552 0 1.005-.449.95-.998a10 10 0 0 0-8.953-8.951c-.55-.055-.998.398-.998.95v8a1 1 0 0 0 1 1z\"\u001b[39m\n                \u001b[36m/>\u001b[39m\n                \u001b[36m<path\u001b[39m\n                  \u001b[33md\u001b[39m=\u001b[32m\"M21.21 15.89A10 10 0 1 1 8 2.83\"\u001b[39m\n                \u001b[36m/>\u001b[39m\n              \u001b[36m</svg>\u001b[39m\n            \u001b[36m</div>\u001b[39m\n            \u001b[36m<div>\u001b[39m\n              \u001b[36m<p\u001b[39m\n                \u001b[33mclass\u001b[39m=\u001b[32m\"text-xs font-bold text-gray-500 uppercase tracking-widest mb-1\"\u001b[39m\n              \u001b[36m>\u001b[39m\n                \u001b[0mstats.pending\u001b[0m\n              \u001b[36m</p>\u001b[39m\n              \u001b[36m<p\u001b[39m\n                \u001b[33mclass\u001b[39m=\u001b[32m\"text-3xl font-black text-white\"\u001b[39m\n              \u001b[36m>\u001b[39m\n                \u001b[0mIDR \u001b[0m\n                \u001b[0m0\u001b[0m\n              \u001b[36m</p>\u001b[39m\n            \u001b[36m</div>\u001b[39m\n          \u001b[36m</div>\u001b[39m\n          \u001b[36m<div\u001b[39m\n            \u001b[33manimate\u001b[39m=\u001b[32m\"[object Object]\"\u001b[39m\n            \u001b[33mclass\u001b[39m=\u001b[32m\"glass-card p-8 rounded-3xl border border-white/10 flex items-center gap-6\"\u001b[39m\n            \u001b[33minitial\u001b[39m=\u001b[32m\"[object Object]\"\u001b[39m\n            \u001b[33mtransition\u001b[39m=\u001b[32m\"[object Object]\"\u001b[39m\n          \u001b[36m>\u001b[39m\n            \u001b[36m<div\u001b[39m\n              \u001b[33mclass\u001b[39m=\u001b[32m\"h-16 w-16 rounded-2xl bg-emerald-500/10 flex items-center justify-center text-emerald-500\"\u001b[39m\n            \u001b[36m>\u001b[39m\n              \u001b[36m<svg\u001b[39m\n                \u001b[33maria-hidden\u001b[39m=\u001b[32m\"true\"\u001b[39m\n                \u001b[33mclass\u001b[39m=\u001b[32m\"lucide lucide-dollar-sign\"\u001b[39m\n                \u001b[33mfill\u001b[39m=\u001b[32m\"none\"\u001b[39m\n                \u001b[33mheight\u001b[39m=\u001b[32m\"32\"\u001b[39m\n                \u001b[33mstroke\u001b[39m=\u001b[32m\"currentColor\"\u001b[39m\n                \u001b[33mstroke-linecap\u001b[39m=\u001b[32m\"round\"\u001b[39m\n                \u001b[33mstroke-linejoin\u001b[39m=\u001b[32m\"round\"\u001b[39m\n                \u001b[33mstroke-width\u001b[39m=\u001b[32m\"2\"\u001b[39m\n                \u001b[33mviewBox\u001b[39m=\u001b[32m\"0 0 24 24\"\u001b[39m\n                \u001b[33mwidth\u001b[39m=\u001b[32m\"32\"\u001b[39m\n                \u001b[33mxmlns\u001b[39m=\u001b[32m\"http://www.w3.org/2000/svg\"\u001b[39m\n              \u001b[36m>\u001b[39m\n                \u001b[36m<line\u001b[39m\n                  \u001b[33mx1\u001b[39m=\u001b[32m\"12\"\u001b[39m\n                  \u001b[33mx2\u001b[39m=\u001b[32m\"12\"\u001b[39m\n                  \u001b[33my1\u001b[39m=\u001b[32m\"2\"\u001b[39m\n                  \u001b[33my2\u001b[39m=\u001b[32m\"22\"\u001b[39m\n                \u001b[36m/>\u001b[39m\n                \u001b[36m<path\u001b[39m\n                  \u001b[33md\u001b[39m=\u001b[32m\"M17 5H9.5a3.5 3.5 0 0 0 0 7h5a3.5 3.5 0 0 1 0 7H6\"\u001b[39m\n                \u001b[36m/>\u001b[39m\n              \u001b[36m</svg>\u001b[39m\n            \u001b[36m</div>\u001b[39m\n            \u001b[36m<div>\u001b[39m\n              \u001b[36m<p\u001b[39m\n                \u001b[33mclass\u001b[39m=\u001b[32m\"text-xs font-bold text-gray-500 uppercase tracking-widest mb-1\"\u001b[39m\n              \u001b[36m>\u001b[39m\n                \u001b[0mstats.approved\u001b[0m\n              \u001b[36m</p>\u001b[39m\n              \u001b[36m<p\u001b[39m\n                \u001b[33mclass\u001b[39m=\u001b[32m\"text-3xl font-black text-white\"\u001b[39m\n              \u001b[36m>\u001b[39m\n                \u001b[0mIDR \u001b[0m\n                \u001b[0m0\u001b[0m\n              \u001b[36m</p>\u001b[39m\n            \u001b[36m</div>\u001b[39m\n          \u001b[36m</div>\u001b[39m\n        \u001b[36m</div>\u001b[39m\n        \u001b[36m<div\u001b[39m\n          \u001b[33mclass\u001b[39m=\u001b[32m\"glass-card rounded-3xl border border-white/10 overflow-hidden\"\u001b[39m\n        \u001b[36m>\u001b[39m\n          \u001b[36m<div\u001b[39m\n            \u001b[33mclass\u001b[39m=\u001b[32m\"p-6 border-b border-white/10 flex items-center justify-between bg-white/5\"\u001b[39m\n          \u001b[36m>\u001b[39m\n            \u001b[36m<h2\u001b[39m\n              \u001b[33mclass\u001b[39m=\u001b[32m\"text-sm font-bold text-white uppercase tracking-widest\"\u001b[39m\n            \u001b[36m>\u001b[39m\n              \u001b[0mhistory\u001b[0m\n            \u001b[36m</h2>\u001b[39m\n          \u001b[36m</div>\u001b[39m\n          \u001b[36m<div\u001b[39m\n            \u001b[33mclass\u001b[39m=\u001b[32m\"overflow-x-auto\"\u001b[39m\n          \u001b[36m>\u001b[39m\n            \u001b[36m<table\u001b[39m\n              \u001b[33mclass\u001b[39m=\u001b[32m\"w-full text-left\"\u001b[39m\n            \u001b[36m>\u001b[39m\n              \u001b[36m<thead>\u001b[39m\n                \u001b[36m<tr\u001b[39m\n                  \u001b[33mclass\u001b[39m=\u001b[32m\"bg-white/5\"\u001b[39m\n                \u001b[36m>\u001b[39m\n                  \u001b[36m<th\u001b[39m\n                    \u001b[33mclass\u001b[39m=\u001b[32m\"px-6 py-4 text-[10px] font-bold text-gray-500 uppercase tracking-widest\"\u001b[39m\n                  \u001b[36m>\u001b[39m\n                    \u001b[0mtable.category\u001b[0m\n                  \u001b[36m</th>\u001b[39m\n                  \u001b[36m<th\u001b[39m\n                    \u001b[33mclass\u001b[39m=\u001b[32m\"px-6 py-4 text-[10px] font-bold text-gray-500 uppercase tracking-widest\"\u001b[39m\n                  \u001b[36m>\u001b[39m\n                    \u001b[0mtable.date\u001b[0m\n                  \u001b[36m</th>\u001b[39m\n                  \u001b[36m<th\u001b[39m\n                    \u001b[33mclass\u001b[39m=\u001b[32m\"px-6 py-4 text-[10px] font-bold text-gray-500 uppercase tracking-widest\"\u001b[39m\n                  \u001b[36m>\u001b[39m\n                    \u001b[0mtable.reason\u001b[0m\n                  \u001b[36m</th>\u001b[39m\n                  \u001b[36m<th\u001b[39m\n                    \u001b[33mclass\u001b[39m=\u001b[32m\"px-6 py-4 text-[10px] font-bold text-gray-500 uppercase tracking-widest\"\u001b[39m\n                  \u001b[36m>\u001b[39m\n                    \u001b[0mtable.amount\u001b[0m\n                  \u001b[36m</th>\u001b[39m\n                  \u001b[36m<th\u001b[39m\n                    \u001b[33mclass\u001b[39m=\u001b[32m\"px-6 py-4 text-[10px] font-bold text-gray-500 uppercase tracking-widest text-center\"\u001b[39m\n                  \u001b[36m>\u001b[39m\n                    \u001b[0mtable.status\u001b[0m\n                  \u001b[36m</th>\u001b[39m\n                  \u001b[36m<th\u001b[39m\n                    \u001b[33mclass\u001b[39m=\u001b[32m\"px-6 py-4 text-[10px] font-bold text-gray-500 uppercase tracking-widest text-center\"\u001b[39m\n                  \u001b[36m>\u001b[39m\n                    \u001b[0mtable.receipt\u001b[0m\n                  \u001b[36m</th>\u001b[39m\n                \u001b[36m</tr>\u001b[39m\n              \u001b[36m</thead>\u001b[39m\n              \u001b[36m<tbody\u001b[39m\n                \u001b[33mclass\u001b[39m=\u001b[32m\"divide-y divide-white/5\"\u001b[39m\n              \u001b[36m>\u001b[39m\n                \u001b[36m<tr>\u001b[39m\n                  \u001b[36m<td\u001b[39m\n                    \u001b[33mclass\u001b[39m=\u001b[32m\"p-12 text-center text-gray-500 animate-pulse uppercase text-xs font-bold tracking-widest\"\u001b[39m\n                    \u001b[33mcolspan\u001b[39m=\u001b[32m\"6\"\u001b[39m\n                  \u001b[36m>\u001b[39m\n                    \u001b[0mLoading...\u001b[0m\n                  \u001b[36m</td>\u001b[39m\n                \u001b[36m</tr>\u001b[39m\n              \u001b[36m</tbody>\u001b[39m\n            \u001b[36m</table>\u001b[39m\n          \u001b[36m</div>\u001b[39m\n        \u001b[36m</div>\u001b[39m\n      \u001b[36m</div>\u001b[39m\n    \u001b[36m</div>\u001b[39m\n  \u001b[36m</div>\u001b[39m\n\u001b[36m</body>\u001b[39m\n    at Proxy.waitForWrapper (/home/afdhal/data/hr/hrms/frontend/node_modules/@testing-library/dom/dist/wait-for.js:163:27)\n    at /home/afdhal/data/hr/hrms/frontend/src/__tests__/reimbursements.test.tsx:177:11\n    at file:///home/afdhal/data/hr/hrms/frontend/node_modules/@vitest/runner/dist/chunk-artifact.js:302:11\n    at file:///home/afdhal/data/hr/hrms/frontend/node_modules/@vitest/runner/dist/chunk-artifact.js:1893:26\n    at file:///home/afdhal/data/hr/hrms/frontend/node_modules/@vitest/runner/dist/chunk-artifact.js:2316:20\n    at new Promise (<anonymous>)\n    at runWithCancel (file:///home/afdhal/data/hr/hrms/frontend/node_modules/@vitest/runner/dist/chunk-artifact.js:2313:10)\n    at file:///home/afdhal/data/hr/hrms/frontend/node_modules/@vitest/runner/dist/chunk-artifact.js:2295:20\n    at new Promise (<anonymous>)\n    at runWithTimeout (file:///home/afdhal/data/hr/hrms/frontend/node_modules/@vitest/runner/dist/chunk-artifact.js:2262:10)"],"meta":{},"tags":[]}],"startTime":1778470674689,"endTime":1778470740963.3335,"status":"failed","message":"","name":"/home/afdhal/data/hr/hrms/frontend/src/__tests__/reimbursements.test.tsx"},{"assertionResults":[{"ancestorTitles":["ReportsPage"],"fullName":"ReportsPage renders report categories successfully","status":"passed","title":"renders report categories successfully","duration":78.19573100000002,"failureMessages":[],"meta":{},"tags":[]},{"ancestorTitles":["ReportsPage"],"fullName":"ReportsPage calls apiDownload when XLSX button is clicked","status":"passed","title":"calls apiDownload when XLSX button is clicked","duration":31.0628099999999,"failureMessages":[],"meta":{},"tags":[]}],"startTime":1778470777196,"endTime":1778470777305.0627,"status":"passed","message":"","name":"/home/afdhal/data/hr/hrms/frontend/src/__tests__/reports.test.tsx"},{"assertionResults":[{"ancestorTitles":["SignupPage Component"],"fullName":"SignupPage Component renders all registration fields","status":"passed","title":"renders all registration fields","duration":47.90558599999986,"failureMessages":[],"meta":{},"tags":[]},{"ancestorTitles":["SignupPage Component"],"fullName":"SignupPage Component handles successful form submission","status":"passed","title":"handles successful form submission","duration":60.880910000000085,"failureMessages":[],"meta":{},"tags":[]},{"ancestorTitles":["SignupPage Component"],"fullName":"SignupPage Component displays error message on submission failure","status":"passed","title":"displays error message on submission failure","duration":54.74345799999992,"failureMessages":[],"meta":{},"tags":[]}],"startTime":1778470830300,"endTime":1778470830463.7434,"status":"passed","message":"","name":"/home/afdhal/data/hr/hrms/frontend/src/__tests__/signup.test.tsx"},{"assertionResults":[{"ancestorTitles":["Frontend Smoke Test"],"fullName":"Frontend Smoke Test renders a basic component","status":"passed","title":"renders a basic component","duration":23.251825000000053,"failureMessages":[],"meta":{},"tags":[]}],"startTime":1778470839829,"endTime":1778470839852.2517,"status":"passed","message":"","name":"/home/afdhal/data/hr/hrms/frontend/src/__tests__/smoke.test.tsx"},{"assertionResults":[{"ancestorTitles":["TenantContext"],"fullName":"TenantContext identifies localhost as public","status":"passed","title":"identifies localhost as public","duration":34.91269199999988,"failureMessages":[],"meta":{},"tags":[]},{"ancestorTitles":["TenantContext"],"fullName":"TenantContext extracts subdomain correctly from default localhost suffix","status":"passed","title":"extracts subdomain correctly from default localhost suffix","duration":8.805769999999939,"failureMessages":[],"meta":{},"tags":[]},{"ancestorTitles":["TenantContext"],"fullName":"TenantContext extracts subdomain using custom NEXT_PUBLIC_DOMAIN_SUFFIX","status":"passed","title":"extracts subdomain using custom NEXT_PUBLIC_DOMAIN_SUFFIX","duration":5.109014000000116,"failureMessages":[],"meta":{},"tags":[]},{"ancestorTitles":["TenantContext"],"fullName":"TenantContext handles www as public even if suffixed","status":"passed","title":"handles www as public even if suffixed","duration":3.4762100000000373,"failureMessages":[],"meta":{},"tags":[]},{"ancestorTitles":["TenantContext"],"fullName":"TenantContext fetches tenant settings and updates name for subdomain","status":"passed","title":"fetches tenant settings and updates name for subdomain","duration":6.17917599999987,"failureMessages":[],"meta":{},"tags":[]},{"ancestorTitles":["TenantContext"],"fullName":"TenantContext handles test_tenant override on localhost","status":"passed","title":"handles test_tenant override on localhost","duration":5.016677000000072,"failureMessages":[],"meta":{},"tags":[]}],"startTime":1778470836927,"endTime":1778470836991.0166,"status":"passed","message":"","name":"/home/afdhal/data/hr/hrms/frontend/src/__tests__/tenant_context.test.tsx"},{"assertionResults":[{"ancestorTitles":["Test Utilities"],"fullName":"Test Utilities loginAs returns a token on success","status":"passed","title":"loginAs returns a token on success","duration":2.264020999999957,"failureMessages":[],"meta":{},"tags":[]},{"ancestorTitles":["Test Utilities"],"fullName":"Test Utilities loginAs handles failure","status":"passed","title":"loginAs handles failure","duration":6.394475000000057,"failureMessages":[],"meta":{},"tags":[]},{"ancestorTitles":["Test Utilities"],"fullName":"Test Utilities verifies localStorage integration","status":"passed","title":"verifies localStorage integration","duration":0.37468300000000454,"failureMessages":[],"meta":{},"tags":[]},{"ancestorTitles":["Test Utilities"],"fullName":"Test Utilities verifies sessionStorage integration","status":"passed","title":"verifies sessionStorage integration","duration":0.3215090000001055,"failureMessages":[],"meta":{},"tags":[]},{"ancestorTitles":["Test Utilities"],"fullName":"Test Utilities verifies window.location mocking","status":"passed","title":"verifies window.location mocking","duration":0.23380300000007992,"failureMessages":[],"meta":{},"tags":[]},{"ancestorTitles":["Test Utilities"],"fullName":"Test Utilities verifies environment variables","status":"passed","title":"verifies environment variables","duration":0.2558400000000347,"failureMessages":[],"meta":{},"tags":[]},{"ancestorTitles":["Test Utilities"],"fullName":"Test Utilities verifies canvas mocking","status":"passed","title":"verifies canvas mocking","duration":0.42633599999999205,"failureMessages":[],"meta":{},"tags":[]},{"ancestorTitles":["Test Utilities"],"fullName":"Test Utilities verifies next-intl mocking","status":"passed","title":"verifies next-intl mocking","duration":1.0877799999998388,"failureMessages":[],"meta":{},"tags":[]},{"ancestorTitles":["Test Utilities"],"fullName":"Test Utilities verifies next/navigation mocking","status":"passed","title":"verifies next/navigation mocking","duration":0.8120559999999841,"failureMessages":[],"meta":{},"tags":[]},{"ancestorTitles":["Test Utilities"],"fullName":"Test Utilities verifies tenant isolation logic","status":"passed","title":"verifies tenant isolation logic","duration":0.25402599999983977,"failureMessages":[],"meta":{},"tags":[]}],"startTime":1778470839955,"endTime":1778470839968.254,"status":"passed","message":"","name":"/home/afdhal/data/hr/hrms/frontend/src/__tests__/utils.test.ts"}]}